{"C:\\prajna-module-8\\src\\adapters\\ddb.adapter.ts": {"path":"C:\\prajna-module-8\\src\\adapters\\ddb.adapter.ts","statementMap":{"0":{"start":{"line":5,"column":0},"end":{"line":5,"column":null}},"1":{"start":{"line":9,"column":0},"end":{"line":9,"column":null}},"2":{"start":{"line":40,"column":43},"end":{"line":42,"column":2}},"3":{"start":{"line":44,"column":18},"end":{"line":44,"column":50}},"4":{"start":{"line":46,"column":18},"end":{"line":55,"column":2}},"5":{"start":{"line":58,"column":31},"end":{"line":58,"column":48}},"6":{"start":{"line":61,"column":19},"end":{"line":62,"column":null}},"7":{"start":{"line":64,"column":4},"end":{"line":64,"column":51}},"8":{"start":{"line":68,"column":4},"end":{"line":70,"column":6}},"9":{"start":{"line":78,"column":4},"end":{"line":85,"column":6}},"10":{"start":{"line":92,"column":19},"end":{"line":101,"column":null}},"11":{"start":{"line":103,"column":4},"end":{"line":103,"column":85}},"12":{"start":{"line":107,"column":4},"end":{"line":107,"column":48}},"13":{"start":{"line":111,"column":4},"end":{"line":113,"column":6}},"14":{"start":{"line":119,"column":37},"end":{"line":129,"column":6}},"15":{"start":{"line":130,"column":19},"end":{"line":130,"column":64}},"16":{"start":{"line":131,"column":4},"end":{"line":134,"column":6}},"17":{"start":{"line":140,"column":4},"end":{"line":142,"column":6}},"18":{"start":{"line":57,"column":0},"end":{"line":57,"column":13}}},"fnMap":{"0":{"name":"(anonymous_0)","decl":{"start":{"line":58,"column":2},"end":{"line":58,"column":31}},"loc":{"start":{"line":58,"column":48},"end":{"line":58,"column":52}}},"1":{"name":"(anonymous_1)","decl":{"start":{"line":60,"column":2},"end":{"line":60,"column":7}},"loc":{"start":{"line":60,"column":42},"end":{"line":65,"column":3}}},"2":{"name":"(anonymous_2)","decl":{"start":{"line":67,"column":2},"end":{"line":67,"column":7}},"loc":{"start":{"line":67,"column":37},"end":{"line":71,"column":3}}},"3":{"name":"(anonymous_3)","decl":{"start":{"line":73,"column":2},"end":{"line":73,"column":7}},"loc":{"start":{"line":76,"column":14},"end":{"line":86,"column":3}}},"4":{"name":"(anonymous_4)","decl":{"start":{"line":88,"column":2},"end":{"line":88,"column":7}},"loc":{"start":{"line":90,"column":26},"end":{"line":104,"column":3}}},"5":{"name":"(anonymous_5)","decl":{"start":{"line":106,"column":2},"end":{"line":106,"column":7}},"loc":{"start":{"line":106,"column":41},"end":{"line":108,"column":3}}},"6":{"name":"(anonymous_6)","decl":{"start":{"line":110,"column":2},"end":{"line":110,"column":7}},"loc":{"start":{"line":110,"column":42},"end":{"line":114,"column":3}}},"7":{"name":"(anonymous_7)","decl":{"start":{"line":116,"column":2},"end":{"line":116,"column":7}},"loc":{"start":{"line":117,"column":25},"end":{"line":135,"column":3}}},"8":{"name":"(anonymous_8)","decl":{"start":{"line":137,"column":2},"end":{"line":137,"column":7}},"loc":{"start":{"line":138,"column":53},"end":{"line":143,"column":3}}}},"branchMap":{"0":{"loc":{"start":{"line":41,"column":10},"end":{"line":41,"column":48}},"type":"binary-expr","locations":[{"start":{"line":41,"column":10},"end":{"line":41,"column":32}},{"start":{"line":41,"column":36},"end":{"line":41,"column":48}}]},"1":{"loc":{"start":{"line":64,"column":11},"end":{"line":64,"column":50}},"type":"cond-expr","locations":[{"start":{"line":64,"column":26},"end":{"line":64,"column":43}},{"start":{"line":64,"column":46},"end":{"line":64,"column":50}}]},"2":{"loc":{"start":{"line":103,"column":11},"end":{"line":103,"column":84}},"type":"cond-expr","locations":[{"start":{"line":103,"column":32},"end":{"line":103,"column":77}},{"start":{"line":103,"column":80},"end":{"line":103,"column":84}}]},"3":{"loc":{"start":{"line":132,"column":14},"end":{"line":132,"column":32}},"type":"binary-expr","locations":[{"start":{"line":132,"column":14},"end":{"line":132,"column":26}},{"start":{"line":132,"column":30},"end":{"line":132,"column":32}}]}},"s":{"0":2,"1":2,"2":2,"3":2,"4":2,"5":8,"6":1,"7":1,"8":1,"9":1,"10":2,"11":2,"12":1,"13":1,"14":1,"15":1,"16":1,"17":1,"18":2},"f":{"0":8,"1":1,"2":1,"3":1,"4":2,"5":1,"6":1,"7":1,"8":1},"b":{"0":[2,2],"1":[1,0],"2":[0,2],"3":[1,0]}}
,"C:\\prajna-module-8\\src\\adapters\\eventbridge.adapter.ts": {"path":"C:\\prajna-module-8\\src\\adapters\\eventbridge.adapter.ts","statementMap":{"0":{"start":{"line":6,"column":0},"end":{"line":6,"column":null}},"1":{"start":{"line":31,"column":17},"end":{"line":33,"column":2}},"2":{"start":{"line":36,"column":28},"end":{"line":36,"column":45}},"3":{"start":{"line":38,"column":31},"end":{"line":38,"column":51}},"4":{"start":{"line":41,"column":41},"end":{"line":57,"column":6}},"5":{"start":{"line":59,"column":19},"end":{"line":60,"column":null}},"6":{"start":{"line":63,"column":4},"end":{"line":68,"column":5}},"7":{"start":{"line":64,"column":21},"end":{"line":64,"column":61}},"8":{"start":{"line":64,"column":49},"end":{"line":64,"column":60}},"9":{"start":{"line":65,"column":6},"end":{"line":67,"column":8}},"10":{"start":{"line":72,"column":45},"end":{"line":88,"column":7}},"11":{"start":{"line":72,"column":68},"end":{"line":88,"column":6}},"12":{"start":{"line":91,"column":46},"end":{"line":91,"column":48}},"13":{"start":{"line":92,"column":4},"end":{"line":94,"column":5}},"14":{"start":{"line":92,"column":17},"end":{"line":92,"column":18}},"15":{"start":{"line":93,"column":6},"end":{"line":93,"column":44}},"16":{"start":{"line":96,"column":4},"end":{"line":105,"column":5}},"17":{"start":{"line":97,"column":21},"end":{"line":98,"column":null}},"18":{"start":{"line":100,"column":6},"end":{"line":104,"column":7}},"19":{"start":{"line":101,"column":8},"end":{"line":103,"column":10}},"20":{"start":{"line":35,"column":0},"end":{"line":35,"column":13}}},"fnMap":{"0":{"name":"(anonymous_0)","decl":{"start":{"line":38,"column":2},"end":{"line":38,"column":31}},"loc":{"start":{"line":38,"column":51},"end":{"line":38,"column":55}}},"1":{"name":"(anonymous_1)","decl":{"start":{"line":40,"column":2},"end":{"line":40,"column":7}},"loc":{"start":{"line":40,"column":42},"end":{"line":69,"column":3}}},"2":{"name":"(anonymous_2)","decl":{"start":{"line":64,"column":42},"end":{"line":64,"column":43}},"loc":{"start":{"line":64,"column":49},"end":{"line":64,"column":60}}},"3":{"name":"(anonymous_3)","decl":{"start":{"line":71,"column":2},"end":{"line":71,"column":7}},"loc":{"start":{"line":71,"column":50},"end":{"line":106,"column":3}}},"4":{"name":"(anonymous_4)","decl":{"start":{"line":72,"column":56},"end":{"line":72,"column":57}},"loc":{"start":{"line":72,"column":68},"end":{"line":88,"column":6}}}},"branchMap":{"0":{"loc":{"start":{"line":32,"column":10},"end":{"line":32,"column":48}},"type":"binary-expr","locations":[{"start":{"line":32,"column":10},"end":{"line":32,"column":32}},{"start":{"line":32,"column":36},"end":{"line":32,"column":48}}]},"1":{"loc":{"start":{"line":63,"column":4},"end":{"line":68,"column":5}},"type":"if","locations":[{"start":{"line":63,"column":4},"end":{"line":68,"column":5}}]},"2":{"loc":{"start":{"line":63,"column":8},"end":{"line":63,"column":62}},"type":"binary-expr","locations":[{"start":{"line":63,"column":8},"end":{"line":63,"column":31}},{"start":{"line":63,"column":35},"end":{"line":63,"column":62}}]},"3":{"loc":{"start":{"line":100,"column":6},"end":{"line":104,"column":7}},"type":"if","locations":[{"start":{"line":100,"column":6},"end":{"line":104,"column":7}}]},"4":{"loc":{"start":{"line":100,"column":10},"end":{"line":100,"column":64}},"type":"binary-expr","locations":[{"start":{"line":100,"column":10},"end":{"line":100,"column":33}},{"start":{"line":100,"column":37},"end":{"line":100,"column":64}}]}},"s":{"0":2,"1":2,"2":2,"3":2,"4":1,"5":1,"6":1,"7":0,"8":0,"9":0,"10":1,"11":0,"12":1,"13":1,"14":1,"15":0,"16":1,"17":0,"18":0,"19":0,"20":2},"f":{"0":2,"1":1,"2":0,"3":1,"4":0},"b":{"0":[2,2],"1":[0],"2":[1,0],"3":[0],"4":[0,0]}}
,"C:\\prajna-module-8\\src\\adapters\\s3.adapter.ts": {"path":"C:\\prajna-module-8\\src\\adapters\\s3.adapter.ts","statementMap":{"0":{"start":{"line":5,"column":0},"end":{"line":5,"column":null}},"1":{"start":{"line":11,"column":0},"end":{"line":11,"column":61}},"2":{"start":{"line":12,"column":0},"end":{"line":12,"column":54}},"3":{"start":{"line":25,"column":17},"end":{"line":27,"column":2}},"4":{"start":{"line":30,"column":31},"end":{"line":30,"column":49}},"5":{"start":{"line":37,"column":20},"end":{"line":41,"column":6}},"6":{"start":{"line":42,"column":22},"end":{"line":44,"column":6}},"7":{"start":{"line":45,"column":4},"end":{"line":49,"column":6}},"8":{"start":{"line":56,"column":20},"end":{"line":59,"column":6}},"9":{"start":{"line":60,"column":24},"end":{"line":62,"column":6}},"10":{"start":{"line":63,"column":4},"end":{"line":66,"column":6}},"11":{"start":{"line":70,"column":4},"end":{"line":72,"column":6}},"12":{"start":{"line":76,"column":4},"end":{"line":83,"column":5}},"13":{"start":{"line":77,"column":6},"end":{"line":79,"column":8}},"14":{"start":{"line":80,"column":6},"end":{"line":80,"column":18}},"15":{"start":{"line":82,"column":6},"end":{"line":82,"column":19}},"16":{"start":{"line":87,"column":4},"end":{"line":87,"column":79}},"17":{"start":{"line":95,"column":4},"end":{"line":95,"column":109}},"18":{"start":{"line":104,"column":4},"end":{"line":104,"column":134}},"19":{"start":{"line":29,"column":0},"end":{"line":29,"column":13}}},"fnMap":{"0":{"name":"(anonymous_0)","decl":{"start":{"line":30,"column":2},"end":{"line":30,"column":31}},"loc":{"start":{"line":30,"column":49},"end":{"line":30,"column":53}}},"1":{"name":"(anonymous_1)","decl":{"start":{"line":32,"column":2},"end":{"line":32,"column":7}},"loc":{"start":{"line":35,"column":26},"end":{"line":50,"column":3}}},"2":{"name":"(anonymous_2)","decl":{"start":{"line":52,"column":2},"end":{"line":52,"column":7}},"loc":{"start":{"line":54,"column":26},"end":{"line":67,"column":3}}},"3":{"name":"(anonymous_3)","decl":{"start":{"line":69,"column":2},"end":{"line":69,"column":7}},"loc":{"start":{"line":69,"column":34},"end":{"line":73,"column":3}}},"4":{"name":"(anonymous_4)","decl":{"start":{"line":75,"column":2},"end":{"line":75,"column":7}},"loc":{"start":{"line":75,"column":32},"end":{"line":84,"column":3}}},"5":{"name":"(anonymous_5)","decl":{"start":{"line":86,"column":2},"end":{"line":86,"column":24}},"loc":{"start":{"line":86,"column":60},"end":{"line":88,"column":3}}},"6":{"name":"(anonymous_6)","decl":{"start":{"line":90,"column":2},"end":{"line":90,"column":21}},"loc":{"start":{"line":93,"column":20},"end":{"line":96,"column":3}}},"7":{"name":"(anonymous_7)","decl":{"start":{"line":98,"column":2},"end":{"line":98,"column":20}},"loc":{"start":{"line":102,"column":20},"end":{"line":105,"column":3}}}},"branchMap":{"0":{"loc":{"start":{"line":26,"column":10},"end":{"line":26,"column":48}},"type":"binary-expr","locations":[{"start":{"line":26,"column":10},"end":{"line":26,"column":32}},{"start":{"line":26,"column":36},"end":{"line":26,"column":48}}]},"1":{"loc":{"start":{"line":35,"column":4},"end":{"line":35,"column":26}},"type":"default-arg","locations":[{"start":{"line":35,"column":23},"end":{"line":35,"column":26}}]},"2":{"loc":{"start":{"line":54,"column":4},"end":{"line":54,"column":26}},"type":"default-arg","locations":[{"start":{"line":54,"column":23},"end":{"line":54,"column":26}}]}},"s":{"0":2,"1":2,"2":2,"3":2,"4":6,"5":1,"6":1,"7":1,"8":1,"9":1,"10":1,"11":1,"12":2,"13":2,"14":1,"15":1,"16":1,"17":1,"18":1,"19":2},"f":{"0":6,"1":1,"2":1,"3":1,"4":2,"5":1,"6":1,"7":1},"b":{"0":[2,2],"1":[1],"2":[1]}}
,"C:\\prajna-module-8\\src\\handlers\\deliverable.handler.ts": {"path":"C:\\prajna-module-8\\src\\handlers\\deliverable.handler.ts","statementMap":{"0":{"start":{"line":11,"column":0},"end":{"line":11,"column":null}},"1":{"start":{"line":20,"column":0},"end":{"line":20,"column":50}},"2":{"start":{"line":21,"column":0},"end":{"line":21,"column":66}},"3":{"start":{"line":22,"column":0},"end":{"line":22,"column":null}},"4":{"start":{"line":27,"column":0},"end":{"line":27,"column":53}},"5":{"start":{"line":29,"column":23},"end":{"line":98,"column":1}},"6":{"start":{"line":32,"column":2},"end":{"line":97,"column":3}},"7":{"start":{"line":33,"column":35},"end":{"line":33,"column":49}},"8":{"start":{"line":34,"column":16},"end":{"line":34,"column":41}},"9":{"start":{"line":35,"column":19},"end":{"line":35,"column":51}},"10":{"start":{"line":36,"column":17},"end":{"line":36,"column":47}},"11":{"start":{"line":39,"column":4},"end":{"line":46,"column":5}},"12":{"start":{"line":40,"column":19},"end":{"line":40,"column":35}},"13":{"start":{"line":41,"column":21},"end":{"line":41,"column":68}},"14":{"start":{"line":42,"column":6},"end":{"line":42,"column":79}},"15":{"start":{"line":42,"column":27},"end":{"line":42,"column":79}},"16":{"start":{"line":44,"column":26},"end":{"line":44,"column":75}},"17":{"start":{"line":45,"column":6},"end":{"line":45,"column":34}},"18":{"start":{"line":49,"column":4},"end":{"line":56,"column":5}},"19":{"start":{"line":50,"column":16},"end":{"line":50,"column":49}},"20":{"start":{"line":51,"column":21},"end":{"line":51,"column":69}},"21":{"start":{"line":52,"column":6},"end":{"line":52,"column":79}},"22":{"start":{"line":52,"column":27},"end":{"line":52,"column":79}},"23":{"start":{"line":54,"column":19},"end":{"line":54,"column":66}},"24":{"start":{"line":55,"column":6},"end":{"line":55,"column":22}},"25":{"start":{"line":59,"column":4},"end":{"line":74,"column":5}},"26":{"start":{"line":60,"column":17},"end":{"line":60,"column":42}},"27":{"start":{"line":61,"column":21},"end":{"line":61,"column":56}},"28":{"start":{"line":63,"column":6},"end":{"line":66,"column":7}},"29":{"start":{"line":64,"column":28},"end":{"line":64,"column":69}},"30":{"start":{"line":65,"column":8},"end":{"line":65,"column":31}},"31":{"start":{"line":68,"column":19},"end":{"line":68,"column":35}},"32":{"start":{"line":69,"column":21},"end":{"line":69,"column":68}},"33":{"start":{"line":70,"column":6},"end":{"line":70,"column":79}},"34":{"start":{"line":70,"column":27},"end":{"line":70,"column":79}},"35":{"start":{"line":72,"column":22},"end":{"line":72,"column":75}},"36":{"start":{"line":73,"column":6},"end":{"line":73,"column":25}},"37":{"start":{"line":77,"column":4},"end":{"line":81,"column":5}},"38":{"start":{"line":78,"column":17},"end":{"line":78,"column":42}},"39":{"start":{"line":79,"column":6},"end":{"line":79,"column":47}},"40":{"start":{"line":80,"column":6},"end":{"line":80,"column":25}},"41":{"start":{"line":84,"column":4},"end":{"line":92,"column":5}},"42":{"start":{"line":85,"column":24},"end":{"line":85,"column":56}},"43":{"start":{"line":86,"column":16},"end":{"line":86,"column":49}},"44":{"start":{"line":87,"column":21},"end":{"line":87,"column":69}},"45":{"start":{"line":88,"column":6},"end":{"line":88,"column":79}},"46":{"start":{"line":88,"column":27},"end":{"line":88,"column":79}},"47":{"start":{"line":90,"column":19},"end":{"line":90,"column":88}},"48":{"start":{"line":91,"column":6},"end":{"line":91,"column":22}},"49":{"start":{"line":94,"column":4},"end":{"line":94,"column":72}},"50":{"start":{"line":96,"column":4},"end":{"line":96,"column":28}},"51":{"start":{"line":29,"column":13},"end":{"line":29,"column":23}}},"fnMap":{"0":{"name":"(anonymous_0)","decl":{"start":{"line":29,"column":23},"end":{"line":29,"column":28}},"loc":{"start":{"line":31,"column":38},"end":{"line":98,"column":1}}}},"branchMap":{"0":{"loc":{"start":{"line":39,"column":4},"end":{"line":46,"column":5}},"type":"if","locations":[{"start":{"line":39,"column":4},"end":{"line":46,"column":5}}]},"1":{"loc":{"start":{"line":39,"column":8},"end":{"line":39,"column":59}},"type":"binary-expr","locations":[{"start":{"line":39,"column":8},"end":{"line":39,"column":25}},{"start":{"line":39,"column":29},"end":{"line":39,"column":59}}]},"2":{"loc":{"start":{"line":42,"column":6},"end":{"line":42,"column":79}},"type":"if","locations":[{"start":{"line":42,"column":6},"end":{"line":42,"column":79}}]},"3":{"loc":{"start":{"line":49,"column":4},"end":{"line":56,"column":5}},"type":"if","locations":[{"start":{"line":49,"column":4},"end":{"line":56,"column":5}}]},"4":{"loc":{"start":{"line":49,"column":8},"end":{"line":49,"column":58}},"type":"binary-expr","locations":[{"start":{"line":49,"column":8},"end":{"line":49,"column":24}},{"start":{"line":49,"column":28},"end":{"line":49,"column":58}}]},"5":{"loc":{"start":{"line":50,"column":16},"end":{"line":50,"column":49}},"type":"binary-expr","locations":[{"start":{"line":50,"column":16},"end":{"line":50,"column":43}},{"start":{"line":50,"column":47},"end":{"line":50,"column":49}}]},"6":{"loc":{"start":{"line":52,"column":6},"end":{"line":52,"column":79}},"type":"if","locations":[{"start":{"line":52,"column":6},"end":{"line":52,"column":79}}]},"7":{"loc":{"start":{"line":59,"column":4},"end":{"line":74,"column":5}},"type":"if","locations":[{"start":{"line":59,"column":4},"end":{"line":74,"column":5}}]},"8":{"loc":{"start":{"line":59,"column":8},"end":{"line":59,"column":52}},"type":"binary-expr","locations":[{"start":{"line":59,"column":8},"end":{"line":59,"column":24}},{"start":{"line":59,"column":28},"end":{"line":59,"column":52}}]},"9":{"loc":{"start":{"line":63,"column":6},"end":{"line":66,"column":7}},"type":"if","locations":[{"start":{"line":63,"column":6},"end":{"line":66,"column":7}}]},"10":{"loc":{"start":{"line":70,"column":6},"end":{"line":70,"column":79}},"type":"if","locations":[{"start":{"line":70,"column":6},"end":{"line":70,"column":79}}]},"11":{"loc":{"start":{"line":77,"column":4},"end":{"line":81,"column":5}},"type":"if","locations":[{"start":{"line":77,"column":4},"end":{"line":81,"column":5}}]},"12":{"loc":{"start":{"line":77,"column":8},"end":{"line":77,"column":55}},"type":"binary-expr","locations":[{"start":{"line":77,"column":8},"end":{"line":77,"column":27}},{"start":{"line":77,"column":31},"end":{"line":77,"column":55}}]},"13":{"loc":{"start":{"line":84,"column":4},"end":{"line":92,"column":5}},"type":"if","locations":[{"start":{"line":84,"column":4},"end":{"line":92,"column":5}}]},"14":{"loc":{"start":{"line":84,"column":8},"end":{"line":84,"column":59}},"type":"binary-expr","locations":[{"start":{"line":84,"column":8},"end":{"line":84,"column":24}},{"start":{"line":84,"column":28},"end":{"line":84,"column":59}}]},"15":{"loc":{"start":{"line":86,"column":16},"end":{"line":86,"column":49}},"type":"binary-expr","locations":[{"start":{"line":86,"column":16},"end":{"line":86,"column":43}},{"start":{"line":86,"column":47},"end":{"line":86,"column":49}}]},"16":{"loc":{"start":{"line":88,"column":6},"end":{"line":88,"column":79}},"type":"if","locations":[{"start":{"line":88,"column":6},"end":{"line":88,"column":79}}]}},"s":{"0":1,"1":1,"2":1,"3":1,"4":1,"5":1,"6":2,"7":2,"8":2,"9":2,"10":2,"11":2,"12":1,"13":1,"14":1,"15":0,"16":1,"17":1,"18":1,"19":1,"20":1,"21":1,"22":0,"23":1,"24":1,"25":0,"26":0,"27":0,"28":0,"29":0,"30":0,"31":0,"32":0,"33":0,"34":0,"35":0,"36":0,"37":0,"38":0,"39":0,"40":0,"41":0,"42":0,"43":0,"44":0,"45":0,"46":0,"47":0,"48":0,"49":0,"50":0,"51":1},"f":{"0":2},"b":{"0":[1],"1":[2,1],"2":[0],"3":[1],"4":[1,1],"5":[1,1],"6":[0],"7":[0],"8":[0,0],"9":[0],"10":[0],"11":[0],"12":[0,0],"13":[0],"14":[0,0],"15":[0,0],"16":[0]}}
,"C:\\prajna-module-8\\src\\handlers\\feedback.handler.ts": {"path":"C:\\prajna-module-8\\src\\handlers\\feedback.handler.ts","statementMap":{"0":{"start":{"line":10,"column":0},"end":{"line":10,"column":null}},"1":{"start":{"line":18,"column":0},"end":{"line":18,"column":50}},"2":{"start":{"line":19,"column":0},"end":{"line":19,"column":66}},"3":{"start":{"line":20,"column":0},"end":{"line":20,"column":null}},"4":{"start":{"line":25,"column":0},"end":{"line":25,"column":53}},"5":{"start":{"line":27,"column":23},"end":{"line":88,"column":1}},"6":{"start":{"line":30,"column":2},"end":{"line":87,"column":3}},"7":{"start":{"line":31,"column":32},"end":{"line":31,"column":46}},"8":{"start":{"line":32,"column":16},"end":{"line":32,"column":41}},"9":{"start":{"line":33,"column":19},"end":{"line":33,"column":51}},"10":{"start":{"line":34,"column":17},"end":{"line":34,"column":47}},"11":{"start":{"line":37,"column":4},"end":{"line":44,"column":5}},"12":{"start":{"line":38,"column":19},"end":{"line":38,"column":35}},"13":{"start":{"line":39,"column":21},"end":{"line":39,"column":65}},"14":{"start":{"line":40,"column":6},"end":{"line":40,"column":79}},"15":{"start":{"line":40,"column":27},"end":{"line":40,"column":79}},"16":{"start":{"line":42,"column":23},"end":{"line":42,"column":69}},"17":{"start":{"line":43,"column":6},"end":{"line":43,"column":31}},"18":{"start":{"line":47,"column":4},"end":{"line":54,"column":5}},"19":{"start":{"line":48,"column":16},"end":{"line":48,"column":49}},"20":{"start":{"line":49,"column":21},"end":{"line":49,"column":65}},"21":{"start":{"line":50,"column":6},"end":{"line":50,"column":79}},"22":{"start":{"line":50,"column":27},"end":{"line":50,"column":79}},"23":{"start":{"line":52,"column":19},"end":{"line":52,"column":63}},"24":{"start":{"line":53,"column":6},"end":{"line":53,"column":22}},"25":{"start":{"line":57,"column":4},"end":{"line":68,"column":5}},"26":{"start":{"line":58,"column":17},"end":{"line":58,"column":42}},"27":{"start":{"line":59,"column":19},"end":{"line":59,"column":40}},"28":{"start":{"line":60,"column":21},"end":{"line":63,"column":8}},"29":{"start":{"line":64,"column":6},"end":{"line":64,"column":79}},"30":{"start":{"line":64,"column":27},"end":{"line":64,"column":79}},"31":{"start":{"line":66,"column":19},"end":{"line":66,"column":73}},"32":{"start":{"line":67,"column":6},"end":{"line":67,"column":22}},"33":{"start":{"line":71,"column":4},"end":{"line":75,"column":5}},"34":{"start":{"line":72,"column":17},"end":{"line":72,"column":42}},"35":{"start":{"line":73,"column":23},"end":{"line":73,"column":61}},"36":{"start":{"line":74,"column":6},"end":{"line":74,"column":26}},"37":{"start":{"line":78,"column":4},"end":{"line":82,"column":5}},"38":{"start":{"line":79,"column":17},"end":{"line":79,"column":42}},"39":{"start":{"line":80,"column":23},"end":{"line":80,"column":61}},"40":{"start":{"line":81,"column":6},"end":{"line":81,"column":26}},"41":{"start":{"line":84,"column":4},"end":{"line":84,"column":72}},"42":{"start":{"line":86,"column":4},"end":{"line":86,"column":28}},"43":{"start":{"line":27,"column":13},"end":{"line":27,"column":23}}},"fnMap":{"0":{"name":"(anonymous_0)","decl":{"start":{"line":27,"column":23},"end":{"line":27,"column":28}},"loc":{"start":{"line":29,"column":38},"end":{"line":88,"column":1}}}},"branchMap":{"0":{"loc":{"start":{"line":37,"column":4},"end":{"line":44,"column":5}},"type":"if","locations":[{"start":{"line":37,"column":4},"end":{"line":44,"column":5}}]},"1":{"loc":{"start":{"line":37,"column":8},"end":{"line":37,"column":55}},"type":"binary-expr","locations":[{"start":{"line":37,"column":8},"end":{"line":37,"column":25}},{"start":{"line":37,"column":29},"end":{"line":37,"column":55}}]},"2":{"loc":{"start":{"line":40,"column":6},"end":{"line":40,"column":79}},"type":"if","locations":[{"start":{"line":40,"column":6},"end":{"line":40,"column":79}}]},"3":{"loc":{"start":{"line":47,"column":4},"end":{"line":54,"column":5}},"type":"if","locations":[{"start":{"line":47,"column":4},"end":{"line":54,"column":5}}]},"4":{"loc":{"start":{"line":47,"column":8},"end":{"line":47,"column":54}},"type":"binary-expr","locations":[{"start":{"line":47,"column":8},"end":{"line":47,"column":24}},{"start":{"line":47,"column":28},"end":{"line":47,"column":54}}]},"5":{"loc":{"start":{"line":48,"column":16},"end":{"line":48,"column":49}},"type":"binary-expr","locations":[{"start":{"line":48,"column":16},"end":{"line":48,"column":43}},{"start":{"line":48,"column":47},"end":{"line":48,"column":49}}]},"6":{"loc":{"start":{"line":50,"column":6},"end":{"line":50,"column":79}},"type":"if","locations":[{"start":{"line":50,"column":6},"end":{"line":50,"column":79}}]},"7":{"loc":{"start":{"line":57,"column":4},"end":{"line":68,"column":5}},"type":"if","locations":[{"start":{"line":57,"column":4},"end":{"line":68,"column":5}}]},"8":{"loc":{"start":{"line":57,"column":8},"end":{"line":57,"column":86}},"type":"binary-expr","locations":[{"start":{"line":57,"column":8},"end":{"line":57,"column":25}},{"start":{"line":57,"column":29},"end":{"line":57,"column":56}},{"start":{"line":57,"column":60},"end":{"line":57,"column":86}}]},"9":{"loc":{"start":{"line":64,"column":6},"end":{"line":64,"column":79}},"type":"if","locations":[{"start":{"line":64,"column":6},"end":{"line":64,"column":79}}]},"10":{"loc":{"start":{"line":71,"column":4},"end":{"line":75,"column":5}},"type":"if","locations":[{"start":{"line":71,"column":4},"end":{"line":75,"column":5}}]},"11":{"loc":{"start":{"line":71,"column":8},"end":{"line":71,"column":84}},"type":"binary-expr","locations":[{"start":{"line":71,"column":8},"end":{"line":71,"column":24}},{"start":{"line":71,"column":28},"end":{"line":71,"column":55}},{"start":{"line":71,"column":59},"end":{"line":71,"column":84}}]},"12":{"loc":{"start":{"line":78,"column":4},"end":{"line":82,"column":5}},"type":"if","locations":[{"start":{"line":78,"column":4},"end":{"line":82,"column":5}}]},"13":{"loc":{"start":{"line":78,"column":8},"end":{"line":78,"column":52}},"type":"binary-expr","locations":[{"start":{"line":78,"column":8},"end":{"line":78,"column":24}},{"start":{"line":78,"column":28},"end":{"line":78,"column":52}}]}},"s":{"0":1,"1":1,"2":1,"3":1,"4":1,"5":1,"6":1,"7":1,"8":1,"9":1,"10":1,"11":1,"12":1,"13":1,"14":1,"15":0,"16":1,"17":1,"18":0,"19":0,"20":0,"21":0,"22":0,"23":0,"24":0,"25":0,"26":0,"27":0,"28":0,"29":0,"30":0,"31":0,"32":0,"33":0,"34":0,"35":0,"36":0,"37":0,"38":0,"39":0,"40":0,"41":0,"42":0,"43":1},"f":{"0":1},"b":{"0":[1],"1":[1,1],"2":[0],"3":[0],"4":[0,0],"5":[0,0],"6":[0],"7":[0],"8":[0,0,0],"9":[0],"10":[0],"11":[0,0,0],"12":[0],"13":[0,0]}}
,"C:\\prajna-module-8\\src\\handlers\\gradebook.handler.ts": {"path":"C:\\prajna-module-8\\src\\handlers\\gradebook.handler.ts","statementMap":{"0":{"start":{"line":10,"column":0},"end":{"line":10,"column":null}},"1":{"start":{"line":15,"column":0},"end":{"line":15,"column":50}},"2":{"start":{"line":16,"column":0},"end":{"line":16,"column":53}},"3":{"start":{"line":18,"column":23},"end":{"line":61,"column":1}},"4":{"start":{"line":21,"column":2},"end":{"line":60,"column":3}},"5":{"start":{"line":22,"column":33},"end":{"line":22,"column":47}},"6":{"start":{"line":23,"column":16},"end":{"line":23,"column":41}},"7":{"start":{"line":24,"column":19},"end":{"line":24,"column":51}},"8":{"start":{"line":25,"column":17},"end":{"line":25,"column":47}},"9":{"start":{"line":26,"column":14},"end":{"line":26,"column":47}},"10":{"start":{"line":29,"column":4},"end":{"line":37,"column":5}},"11":{"start":{"line":30,"column":19},"end":{"line":35,"column":8}},"12":{"start":{"line":36,"column":6},"end":{"line":36,"column":22}},"13":{"start":{"line":40,"column":4},"end":{"line":55,"column":5}},"14":{"start":{"line":41,"column":62},"end":{"line":41,"column":63}},"15":{"start":{"line":42,"column":6},"end":{"line":42,"column":75}},"16":{"start":{"line":42,"column":23},"end":{"line":42,"column":75}},"17":{"start":{"line":43,"column":6},"end":{"line":43,"column":69}},"18":{"start":{"line":43,"column":20},"end":{"line":43,"column":69}},"19":{"start":{"line":44,"column":6},"end":{"line":44,"column":71}},"20":{"start":{"line":44,"column":21},"end":{"line":44,"column":71}},"21":{"start":{"line":45,"column":6},"end":{"line":45,"column":79}},"22":{"start":{"line":45,"column":25},"end":{"line":45,"column":79}},"23":{"start":{"line":47,"column":24},"end":{"line":52,"column":null}},"24":{"start":{"line":54,"column":6},"end":{"line":54,"column":27}},"25":{"start":{"line":57,"column":4},"end":{"line":57,"column":72}},"26":{"start":{"line":59,"column":4},"end":{"line":59,"column":28}},"27":{"start":{"line":18,"column":13},"end":{"line":18,"column":23}}},"fnMap":{"0":{"name":"(anonymous_0)","decl":{"start":{"line":18,"column":23},"end":{"line":18,"column":28}},"loc":{"start":{"line":20,"column":38},"end":{"line":61,"column":1}}}},"branchMap":{"0":{"loc":{"start":{"line":26,"column":14},"end":{"line":26,"column":47}},"type":"binary-expr","locations":[{"start":{"line":26,"column":14},"end":{"line":26,"column":41}},{"start":{"line":26,"column":45},"end":{"line":26,"column":47}}]},"1":{"loc":{"start":{"line":29,"column":4},"end":{"line":37,"column":5}},"type":"if","locations":[{"start":{"line":29,"column":4},"end":{"line":37,"column":5}}]},"2":{"loc":{"start":{"line":29,"column":8},"end":{"line":29,"column":55}},"type":"binary-expr","locations":[{"start":{"line":29,"column":8},"end":{"line":29,"column":24}},{"start":{"line":29,"column":28},"end":{"line":29,"column":55}}]},"3":{"loc":{"start":{"line":33,"column":15},"end":{"line":33,"column":45}},"type":"cond-expr","locations":[{"start":{"line":33,"column":25},"end":{"line":33,"column":40}},{"start":{"line":33,"column":43},"end":{"line":33,"column":45}}]},"4":{"loc":{"start":{"line":40,"column":4},"end":{"line":55,"column":5}},"type":"if","locations":[{"start":{"line":40,"column":4},"end":{"line":55,"column":5}}]},"5":{"loc":{"start":{"line":40,"column":8},"end":{"line":40,"column":60}},"type":"binary-expr","locations":[{"start":{"line":40,"column":8},"end":{"line":40,"column":24}},{"start":{"line":40,"column":28},"end":{"line":40,"column":60}}]},"6":{"loc":{"start":{"line":42,"column":6},"end":{"line":42,"column":75}},"type":"if","locations":[{"start":{"line":42,"column":6},"end":{"line":42,"column":75}}]},"7":{"loc":{"start":{"line":43,"column":6},"end":{"line":43,"column":69}},"type":"if","locations":[{"start":{"line":43,"column":6},"end":{"line":43,"column":69}}]},"8":{"loc":{"start":{"line":44,"column":6},"end":{"line":44,"column":71}},"type":"if","locations":[{"start":{"line":44,"column":6},"end":{"line":44,"column":71}}]},"9":{"loc":{"start":{"line":45,"column":6},"end":{"line":45,"column":79}},"type":"if","locations":[{"start":{"line":45,"column":6},"end":{"line":45,"column":79}}]}},"s":{"0":1,"1":1,"2":1,"3":1,"4":1,"5":1,"6":1,"7":1,"8":1,"9":1,"10":1,"11":1,"12":1,"13":0,"14":0,"15":0,"16":0,"17":0,"18":0,"19":0,"20":0,"21":0,"22":0,"23":0,"24":0,"25":0,"26":0,"27":1},"f":{"0":1},"b":{"0":[1,1],"1":[1],"2":[1,1],"3":[0,1],"4":[0],"5":[0,0],"6":[0],"7":[0],"8":[0],"9":[0]}}
,"C:\\prajna-module-8\\src\\handlers\\schedule.handler.ts": {"path":"C:\\prajna-module-8\\src\\handlers\\schedule.handler.ts","statementMap":{"0":{"start":{"line":20,"column":0},"end":{"line":20,"column":null}},"1":{"start":{"line":29,"column":0},"end":{"line":29,"column":50}},"2":{"start":{"line":30,"column":0},"end":{"line":30,"column":66}},"3":{"start":{"line":31,"column":0},"end":{"line":31,"column":null}},"4":{"start":{"line":42,"column":0},"end":{"line":42,"column":53}},"5":{"start":{"line":44,"column":23},"end":{"line":207,"column":1}},"6":{"start":{"line":47,"column":2},"end":{"line":206,"column":3}},"7":{"start":{"line":48,"column":32},"end":{"line":48,"column":46}},"8":{"start":{"line":49,"column":16},"end":{"line":49,"column":41}},"9":{"start":{"line":50,"column":19},"end":{"line":50,"column":51}},"10":{"start":{"line":51,"column":17},"end":{"line":51,"column":47}},"11":{"start":{"line":52,"column":14},"end":{"line":52,"column":47}},"12":{"start":{"line":55,"column":4},"end":{"line":59,"column":5}},"13":{"start":{"line":56,"column":24},"end":{"line":56,"column":72}},"14":{"start":{"line":57,"column":19},"end":{"line":57,"column":72}},"15":{"start":{"line":58,"column":6},"end":{"line":58,"column":22}},"16":{"start":{"line":62,"column":4},"end":{"line":66,"column":5}},"17":{"start":{"line":63,"column":24},"end":{"line":63,"column":72}},"18":{"start":{"line":64,"column":24},"end":{"line":64,"column":74}},"19":{"start":{"line":65,"column":6},"end":{"line":65,"column":27}},"20":{"start":{"line":69,"column":4},"end":{"line":80,"column":5}},"21":{"start":{"line":74,"column":24},"end":{"line":74,"column":56}},"22":{"start":{"line":75,"column":32},"end":{"line":78,"column":8}},"23":{"start":{"line":79,"column":6},"end":{"line":79,"column":37}},"24":{"start":{"line":85,"column":4},"end":{"line":92,"column":5}},"25":{"start":{"line":86,"column":19},"end":{"line":86,"column":40}},"26":{"start":{"line":87,"column":21},"end":{"line":87,"column":67}},"27":{"start":{"line":88,"column":6},"end":{"line":88,"column":79}},"28":{"start":{"line":88,"column":27},"end":{"line":88,"column":79}},"29":{"start":{"line":90,"column":19},"end":{"line":90,"column":75}},"30":{"start":{"line":91,"column":6},"end":{"line":91,"column":27}},"31":{"start":{"line":95,"column":4},"end":{"line":101,"column":5}},"32":{"start":{"line":96,"column":21},"end":{"line":96,"column":68}},"33":{"start":{"line":97,"column":6},"end":{"line":97,"column":79}},"34":{"start":{"line":97,"column":27},"end":{"line":97,"column":79}},"35":{"start":{"line":99,"column":19},"end":{"line":99,"column":74}},"36":{"start":{"line":100,"column":6},"end":{"line":100,"column":22}},"37":{"start":{"line":104,"column":4},"end":{"line":116,"column":5}},"38":{"start":{"line":109,"column":17},"end":{"line":109,"column":42}},"39":{"start":{"line":110,"column":19},"end":{"line":110,"column":40}},"40":{"start":{"line":111,"column":21},"end":{"line":111,"column":67}},"41":{"start":{"line":112,"column":6},"end":{"line":112,"column":79}},"42":{"start":{"line":112,"column":27},"end":{"line":112,"column":79}},"43":{"start":{"line":114,"column":22},"end":{"line":114,"column":82}},"44":{"start":{"line":115,"column":6},"end":{"line":115,"column":25}},"45":{"start":{"line":119,"column":4},"end":{"line":127,"column":5}},"46":{"start":{"line":124,"column":17},"end":{"line":124,"column":42}},"47":{"start":{"line":125,"column":6},"end":{"line":125,"column":54}},"48":{"start":{"line":126,"column":6},"end":{"line":126,"column":25}},"49":{"start":{"line":132,"column":4},"end":{"line":139,"column":5}},"50":{"start":{"line":133,"column":19},"end":{"line":133,"column":35}},"51":{"start":{"line":134,"column":21},"end":{"line":134,"column":67}},"52":{"start":{"line":135,"column":6},"end":{"line":135,"column":79}},"53":{"start":{"line":135,"column":27},"end":{"line":135,"column":79}},"54":{"start":{"line":137,"column":22},"end":{"line":137,"column":78}},"55":{"start":{"line":138,"column":6},"end":{"line":138,"column":30}},"56":{"start":{"line":142,"column":4},"end":{"line":148,"column":5}},"57":{"start":{"line":143,"column":21},"end":{"line":143,"column":67}},"58":{"start":{"line":144,"column":6},"end":{"line":144,"column":79}},"59":{"start":{"line":144,"column":27},"end":{"line":144,"column":79}},"60":{"start":{"line":146,"column":19},"end":{"line":146,"column":73}},"61":{"start":{"line":147,"column":6},"end":{"line":147,"column":22}},"62":{"start":{"line":151,"column":4},"end":{"line":166,"column":5}},"63":{"start":{"line":156,"column":17},"end":{"line":156,"column":42}},"64":{"start":{"line":157,"column":19},"end":{"line":157,"column":40}},"65":{"start":{"line":158,"column":21},"end":{"line":161,"column":8}},"66":{"start":{"line":162,"column":6},"end":{"line":162,"column":79}},"67":{"start":{"line":162,"column":27},"end":{"line":162,"column":79}},"68":{"start":{"line":164,"column":6},"end":{"line":164,"column":63}},"69":{"start":{"line":165,"column":6},"end":{"line":165,"column":51}},"70":{"start":{"line":171,"column":4},"end":{"line":178,"column":5}},"71":{"start":{"line":172,"column":19},"end":{"line":172,"column":35}},"72":{"start":{"line":173,"column":21},"end":{"line":173,"column":64}},"73":{"start":{"line":174,"column":6},"end":{"line":174,"column":79}},"74":{"start":{"line":174,"column":27},"end":{"line":174,"column":79}},"75":{"start":{"line":176,"column":22},"end":{"line":176,"column":77}},"76":{"start":{"line":177,"column":6},"end":{"line":177,"column":30}},"77":{"start":{"line":181,"column":4},"end":{"line":187,"column":5}},"78":{"start":{"line":182,"column":21},"end":{"line":182,"column":65}},"79":{"start":{"line":183,"column":6},"end":{"line":183,"column":79}},"80":{"start":{"line":183,"column":27},"end":{"line":183,"column":79}},"81":{"start":{"line":185,"column":19},"end":{"line":185,"column":71}},"82":{"start":{"line":186,"column":6},"end":{"line":186,"column":22}},"83":{"start":{"line":190,"column":4},"end":{"line":201,"column":5}},"84":{"start":{"line":195,"column":17},"end":{"line":195,"column":42}},"85":{"start":{"line":196,"column":19},"end":{"line":196,"column":55}},"86":{"start":{"line":197,"column":6},"end":{"line":197,"column":85}},"87":{"start":{"line":197,"column":24},"end":{"line":197,"column":85}},"88":{"start":{"line":199,"column":22},"end":{"line":199,"column":79}},"89":{"start":{"line":200,"column":6},"end":{"line":200,"column":25}},"90":{"start":{"line":203,"column":4},"end":{"line":203,"column":72}},"91":{"start":{"line":205,"column":4},"end":{"line":205,"column":28}},"92":{"start":{"line":44,"column":13},"end":{"line":44,"column":23}}},"fnMap":{"0":{"name":"(anonymous_0)","decl":{"start":{"line":44,"column":23},"end":{"line":44,"column":28}},"loc":{"start":{"line":46,"column":38},"end":{"line":207,"column":1}}}},"branchMap":{"0":{"loc":{"start":{"line":52,"column":14},"end":{"line":52,"column":47}},"type":"binary-expr","locations":[{"start":{"line":52,"column":14},"end":{"line":52,"column":41}},{"start":{"line":52,"column":45},"end":{"line":52,"column":47}}]},"1":{"loc":{"start":{"line":55,"column":4},"end":{"line":59,"column":5}},"type":"if","locations":[{"start":{"line":55,"column":4},"end":{"line":59,"column":5}}]},"2":{"loc":{"start":{"line":55,"column":8},"end":{"line":55,"column":59}},"type":"binary-expr","locations":[{"start":{"line":55,"column":8},"end":{"line":55,"column":24}},{"start":{"line":55,"column":28},"end":{"line":55,"column":59}}]},"3":{"loc":{"start":{"line":56,"column":24},"end":{"line":56,"column":72}},"type":"binary-expr","locations":[{"start":{"line":56,"column":24},"end":{"line":56,"column":55}},{"start":{"line":56,"column":59},"end":{"line":56,"column":72}}]},"4":{"loc":{"start":{"line":62,"column":4},"end":{"line":66,"column":5}},"type":"if","locations":[{"start":{"line":62,"column":4},"end":{"line":66,"column":5}}]},"5":{"loc":{"start":{"line":62,"column":8},"end":{"line":62,"column":64}},"type":"binary-expr","locations":[{"start":{"line":62,"column":8},"end":{"line":62,"column":24}},{"start":{"line":62,"column":28},"end":{"line":62,"column":64}}]},"6":{"loc":{"start":{"line":63,"column":24},"end":{"line":63,"column":72}},"type":"binary-expr","locations":[{"start":{"line":63,"column":24},"end":{"line":63,"column":55}},{"start":{"line":63,"column":59},"end":{"line":63,"column":72}}]},"7":{"loc":{"start":{"line":69,"column":4},"end":{"line":80,"column":5}},"type":"if","locations":[{"start":{"line":69,"column":4},"end":{"line":80,"column":5}}]},"8":{"loc":{"start":{"line":70,"column":6},"end":{"line":72,"column":32}},"type":"binary-expr","locations":[{"start":{"line":70,"column":6},"end":{"line":70,"column":22}},{"start":{"line":71,"column":6},"end":{"line":71,"column":37}},{"start":{"line":72,"column":6},"end":{"line":72,"column":32}}]},"9":{"loc":{"start":{"line":85,"column":4},"end":{"line":92,"column":5}},"type":"if","locations":[{"start":{"line":85,"column":4},"end":{"line":92,"column":5}}]},"10":{"loc":{"start":{"line":85,"column":8},"end":{"line":85,"column":58}},"type":"binary-expr","locations":[{"start":{"line":85,"column":8},"end":{"line":85,"column":25}},{"start":{"line":85,"column":29},"end":{"line":85,"column":58}}]},"11":{"loc":{"start":{"line":88,"column":6},"end":{"line":88,"column":79}},"type":"if","locations":[{"start":{"line":88,"column":6},"end":{"line":88,"column":79}}]},"12":{"loc":{"start":{"line":95,"column":4},"end":{"line":101,"column":5}},"type":"if","locations":[{"start":{"line":95,"column":4},"end":{"line":101,"column":5}}]},"13":{"loc":{"start":{"line":95,"column":8},"end":{"line":95,"column":57}},"type":"binary-expr","locations":[{"start":{"line":95,"column":8},"end":{"line":95,"column":24}},{"start":{"line":95,"column":28},"end":{"line":95,"column":57}}]},"14":{"loc":{"start":{"line":97,"column":6},"end":{"line":97,"column":79}},"type":"if","locations":[{"start":{"line":97,"column":6},"end":{"line":97,"column":79}}]},"15":{"loc":{"start":{"line":104,"column":4},"end":{"line":116,"column":5}},"type":"if","locations":[{"start":{"line":104,"column":4},"end":{"line":116,"column":5}}]},"16":{"loc":{"start":{"line":105,"column":6},"end":{"line":107,"column":30}},"type":"binary-expr","locations":[{"start":{"line":105,"column":6},"end":{"line":105,"column":22}},{"start":{"line":106,"column":6},"end":{"line":106,"column":36}},{"start":{"line":107,"column":6},"end":{"line":107,"column":30}}]},"17":{"loc":{"start":{"line":112,"column":6},"end":{"line":112,"column":79}},"type":"if","locations":[{"start":{"line":112,"column":6},"end":{"line":112,"column":79}}]},"18":{"loc":{"start":{"line":119,"column":4},"end":{"line":127,"column":5}},"type":"if","locations":[{"start":{"line":119,"column":4},"end":{"line":127,"column":5}}]},"19":{"loc":{"start":{"line":120,"column":6},"end":{"line":122,"column":30}},"type":"binary-expr","locations":[{"start":{"line":120,"column":6},"end":{"line":120,"column":25}},{"start":{"line":121,"column":6},"end":{"line":121,"column":36}},{"start":{"line":122,"column":6},"end":{"line":122,"column":30}}]},"20":{"loc":{"start":{"line":132,"column":4},"end":{"line":139,"column":5}},"type":"if","locations":[{"start":{"line":132,"column":4},"end":{"line":139,"column":5}}]},"21":{"loc":{"start":{"line":132,"column":8},"end":{"line":132,"column":57}},"type":"binary-expr","locations":[{"start":{"line":132,"column":8},"end":{"line":132,"column":25}},{"start":{"line":132,"column":29},"end":{"line":132,"column":57}}]},"22":{"loc":{"start":{"line":135,"column":6},"end":{"line":135,"column":79}},"type":"if","locations":[{"start":{"line":135,"column":6},"end":{"line":135,"column":79}}]},"23":{"loc":{"start":{"line":142,"column":4},"end":{"line":148,"column":5}},"type":"if","locations":[{"start":{"line":142,"column":4},"end":{"line":148,"column":5}}]},"24":{"loc":{"start":{"line":142,"column":8},"end":{"line":142,"column":56}},"type":"binary-expr","locations":[{"start":{"line":142,"column":8},"end":{"line":142,"column":24}},{"start":{"line":142,"column":28},"end":{"line":142,"column":56}}]},"25":{"loc":{"start":{"line":144,"column":6},"end":{"line":144,"column":79}},"type":"if","locations":[{"start":{"line":144,"column":6},"end":{"line":144,"column":79}}]},"26":{"loc":{"start":{"line":151,"column":4},"end":{"line":166,"column":5}},"type":"if","locations":[{"start":{"line":151,"column":4},"end":{"line":166,"column":5}}]},"27":{"loc":{"start":{"line":152,"column":6},"end":{"line":154,"column":30}},"type":"binary-expr","locations":[{"start":{"line":152,"column":6},"end":{"line":152,"column":22}},{"start":{"line":153,"column":6},"end":{"line":153,"column":35}},{"start":{"line":154,"column":6},"end":{"line":154,"column":30}}]},"28":{"loc":{"start":{"line":162,"column":6},"end":{"line":162,"column":79}},"type":"if","locations":[{"start":{"line":162,"column":6},"end":{"line":162,"column":79}}]},"29":{"loc":{"start":{"line":171,"column":4},"end":{"line":178,"column":5}},"type":"if","locations":[{"start":{"line":171,"column":4},"end":{"line":178,"column":5}}]},"30":{"loc":{"start":{"line":171,"column":8},"end":{"line":171,"column":55}},"type":"binary-expr","locations":[{"start":{"line":171,"column":8},"end":{"line":171,"column":25}},{"start":{"line":171,"column":29},"end":{"line":171,"column":55}}]},"31":{"loc":{"start":{"line":174,"column":6},"end":{"line":174,"column":79}},"type":"if","locations":[{"start":{"line":174,"column":6},"end":{"line":174,"column":79}}]},"32":{"loc":{"start":{"line":181,"column":4},"end":{"line":187,"column":5}},"type":"if","locations":[{"start":{"line":181,"column":4},"end":{"line":187,"column":5}}]},"33":{"loc":{"start":{"line":181,"column":8},"end":{"line":181,"column":54}},"type":"binary-expr","locations":[{"start":{"line":181,"column":8},"end":{"line":181,"column":24}},{"start":{"line":181,"column":28},"end":{"line":181,"column":54}}]},"34":{"loc":{"start":{"line":183,"column":6},"end":{"line":183,"column":79}},"type":"if","locations":[{"start":{"line":183,"column":6},"end":{"line":183,"column":79}}]},"35":{"loc":{"start":{"line":190,"column":4},"end":{"line":201,"column":5}},"type":"if","locations":[{"start":{"line":190,"column":4},"end":{"line":201,"column":5}}]},"36":{"loc":{"start":{"line":191,"column":6},"end":{"line":193,"column":30}},"type":"binary-expr","locations":[{"start":{"line":191,"column":6},"end":{"line":191,"column":22}},{"start":{"line":192,"column":6},"end":{"line":192,"column":33}},{"start":{"line":193,"column":6},"end":{"line":193,"column":30}}]},"37":{"loc":{"start":{"line":197,"column":6},"end":{"line":197,"column":85}},"type":"if","locations":[{"start":{"line":197,"column":6},"end":{"line":197,"column":85}}]}},"s":{"0":1,"1":1,"2":1,"3":1,"4":1,"5":1,"6":1,"7":1,"8":1,"9":1,"10":1,"11":1,"12":1,"13":1,"14":1,"15":1,"16":0,"17":0,"18":0,"19":0,"20":0,"21":0,"22":0,"23":0,"24":0,"25":0,"26":0,"27":0,"28":0,"29":0,"30":0,"31":0,"32":0,"33":0,"34":0,"35":0,"36":0,"37":0,"38":0,"39":0,"40":0,"41":0,"42":0,"43":0,"44":0,"45":0,"46":0,"47":0,"48":0,"49":0,"50":0,"51":0,"52":0,"53":0,"54":0,"55":0,"56":0,"57":0,"58":0,"59":0,"60":0,"61":0,"62":0,"63":0,"64":0,"65":0,"66":0,"67":0,"68":0,"69":0,"70":0,"71":0,"72":0,"73":0,"74":0,"75":0,"76":0,"77":0,"78":0,"79":0,"80":0,"81":0,"82":0,"83":0,"84":0,"85":0,"86":0,"87":0,"88":0,"89":0,"90":0,"91":0,"92":1},"f":{"0":1},"b":{"0":[1,1],"1":[1],"2":[1,1],"3":[1,1],"4":[0],"5":[0,0],"6":[0,0],"7":[0],"8":[0,0,0],"9":[0],"10":[0,0],"11":[0],"12":[0],"13":[0,0],"14":[0],"15":[0],"16":[0,0,0],"17":[0],"18":[0],"19":[0,0,0],"20":[0],"21":[0,0],"22":[0],"23":[0],"24":[0,0],"25":[0],"26":[0],"27":[0,0,0],"28":[0],"29":[0],"30":[0,0],"31":[0],"32":[0],"33":[0,0],"34":[0],"35":[0],"36":[0,0,0],"37":[0]}}
,"C:\\prajna-module-8\\src\\handlers\\submission.handler.ts": {"path":"C:\\prajna-module-8\\src\\handlers\\submission.handler.ts","statementMap":{"0":{"start":{"line":10,"column":0},"end":{"line":10,"column":null}},"1":{"start":{"line":18,"column":0},"end":{"line":18,"column":50}},"2":{"start":{"line":19,"column":0},"end":{"line":19,"column":66}},"3":{"start":{"line":20,"column":0},"end":{"line":20,"column":null}},"4":{"start":{"line":25,"column":0},"end":{"line":25,"column":53}},"5":{"start":{"line":27,"column":23},"end":{"line":87,"column":1}},"6":{"start":{"line":30,"column":2},"end":{"line":86,"column":3}},"7":{"start":{"line":31,"column":34},"end":{"line":31,"column":48}},"8":{"start":{"line":32,"column":16},"end":{"line":32,"column":41}},"9":{"start":{"line":33,"column":19},"end":{"line":33,"column":51}},"10":{"start":{"line":34,"column":17},"end":{"line":34,"column":47}},"11":{"start":{"line":37,"column":4},"end":{"line":44,"column":5}},"12":{"start":{"line":38,"column":19},"end":{"line":38,"column":35}},"13":{"start":{"line":39,"column":21},"end":{"line":39,"column":67}},"14":{"start":{"line":40,"column":6},"end":{"line":40,"column":79}},"15":{"start":{"line":40,"column":27},"end":{"line":40,"column":79}},"16":{"start":{"line":42,"column":25},"end":{"line":42,"column":73}},"17":{"start":{"line":43,"column":6},"end":{"line":43,"column":33}},"18":{"start":{"line":47,"column":4},"end":{"line":63,"column":5}},"19":{"start":{"line":48,"column":16},"end":{"line":48,"column":49}},"20":{"start":{"line":49,"column":21},"end":{"line":49,"column":68}},"21":{"start":{"line":50,"column":6},"end":{"line":50,"column":79}},"22":{"start":{"line":50,"column":27},"end":{"line":50,"column":79}},"23":{"start":{"line":52,"column":28},"end":{"line":52,"column":43}},"24":{"start":{"line":53,"column":6},"end":{"line":55,"column":7}},"25":{"start":{"line":54,"column":8},"end":{"line":54,"column":79}},"26":{"start":{"line":57,"column":19},"end":{"line":60,"column":null}},"27":{"start":{"line":62,"column":6},"end":{"line":62,"column":22}},"28":{"start":{"line":66,"column":4},"end":{"line":74,"column":5}},"29":{"start":{"line":67,"column":17},"end":{"line":67,"column":42}},"30":{"start":{"line":68,"column":19},"end":{"line":68,"column":40}},"31":{"start":{"line":69,"column":21},"end":{"line":69,"column":66}},"32":{"start":{"line":70,"column":6},"end":{"line":70,"column":79}},"33":{"start":{"line":70,"column":27},"end":{"line":70,"column":79}},"34":{"start":{"line":72,"column":21},"end":{"line":72,"column":72}},"35":{"start":{"line":73,"column":6},"end":{"line":73,"column":24}},"36":{"start":{"line":77,"column":4},"end":{"line":81,"column":5}},"37":{"start":{"line":78,"column":17},"end":{"line":78,"column":42}},"38":{"start":{"line":79,"column":25},"end":{"line":79,"column":65}},"39":{"start":{"line":80,"column":6},"end":{"line":80,"column":28}},"40":{"start":{"line":83,"column":4},"end":{"line":83,"column":72}},"41":{"start":{"line":85,"column":4},"end":{"line":85,"column":28}},"42":{"start":{"line":27,"column":13},"end":{"line":27,"column":23}}},"fnMap":{"0":{"name":"(anonymous_0)","decl":{"start":{"line":27,"column":23},"end":{"line":27,"column":28}},"loc":{"start":{"line":29,"column":38},"end":{"line":87,"column":1}}}},"branchMap":{"0":{"loc":{"start":{"line":37,"column":4},"end":{"line":44,"column":5}},"type":"if","locations":[{"start":{"line":37,"column":4},"end":{"line":44,"column":5}}]},"1":{"loc":{"start":{"line":37,"column":8},"end":{"line":37,"column":58}},"type":"binary-expr","locations":[{"start":{"line":37,"column":8},"end":{"line":37,"column":25}},{"start":{"line":37,"column":29},"end":{"line":37,"column":58}}]},"2":{"loc":{"start":{"line":40,"column":6},"end":{"line":40,"column":79}},"type":"if","locations":[{"start":{"line":40,"column":6},"end":{"line":40,"column":79}}]},"3":{"loc":{"start":{"line":47,"column":4},"end":{"line":63,"column":5}},"type":"if","locations":[{"start":{"line":47,"column":4},"end":{"line":63,"column":5}}]},"4":{"loc":{"start":{"line":47,"column":8},"end":{"line":47,"column":57}},"type":"binary-expr","locations":[{"start":{"line":47,"column":8},"end":{"line":47,"column":24}},{"start":{"line":47,"column":28},"end":{"line":47,"column":57}}]},"5":{"loc":{"start":{"line":48,"column":16},"end":{"line":48,"column":49}},"type":"binary-expr","locations":[{"start":{"line":48,"column":16},"end":{"line":48,"column":43}},{"start":{"line":48,"column":47},"end":{"line":48,"column":49}}]},"6":{"loc":{"start":{"line":50,"column":6},"end":{"line":50,"column":79}},"type":"if","locations":[{"start":{"line":50,"column":6},"end":{"line":50,"column":79}}]},"7":{"loc":{"start":{"line":53,"column":6},"end":{"line":55,"column":7}},"type":"if","locations":[{"start":{"line":53,"column":6},"end":{"line":55,"column":7}}]},"8":{"loc":{"start":{"line":66,"column":4},"end":{"line":74,"column":5}},"type":"if","locations":[{"start":{"line":66,"column":4},"end":{"line":74,"column":5}}]},"9":{"loc":{"start":{"line":66,"column":8},"end":{"line":66,"column":52}},"type":"binary-expr","locations":[{"start":{"line":66,"column":8},"end":{"line":66,"column":24}},{"start":{"line":66,"column":28},"end":{"line":66,"column":52}}]},"10":{"loc":{"start":{"line":70,"column":6},"end":{"line":70,"column":79}},"type":"if","locations":[{"start":{"line":70,"column":6},"end":{"line":70,"column":79}}]},"11":{"loc":{"start":{"line":77,"column":4},"end":{"line":81,"column":5}},"type":"if","locations":[{"start":{"line":77,"column":4},"end":{"line":81,"column":5}}]},"12":{"loc":{"start":{"line":77,"column":8},"end":{"line":77,"column":52}},"type":"binary-expr","locations":[{"start":{"line":77,"column":8},"end":{"line":77,"column":24}},{"start":{"line":77,"column":28},"end":{"line":77,"column":52}}]}},"s":{"0":1,"1":1,"2":1,"3":1,"4":1,"5":1,"6":1,"7":1,"8":1,"9":1,"10":1,"11":1,"12":1,"13":1,"14":1,"15":0,"16":1,"17":1,"18":0,"19":0,"20":0,"21":0,"22":0,"23":0,"24":0,"25":0,"26":0,"27":0,"28":0,"29":0,"30":0,"31":0,"32":0,"33":0,"34":0,"35":0,"36":0,"37":0,"38":0,"39":0,"40":0,"41":0,"42":1},"f":{"0":1},"b":{"0":[1],"1":[1,1],"2":[0],"3":[0],"4":[0,0],"5":[0,0],"6":[0],"7":[0],"8":[0],"9":[0,0],"10":[0],"11":[0],"12":[0,0]}}
,"C:\\prajna-module-8\\src\\handlers\\upload.handler.ts": {"path":"C:\\prajna-module-8\\src\\handlers\\upload.handler.ts","statementMap":{"0":{"start":{"line":9,"column":0},"end":{"line":9,"column":null}},"1":{"start":{"line":15,"column":0},"end":{"line":15,"column":50}},"2":{"start":{"line":16,"column":0},"end":{"line":16,"column":66}},"3":{"start":{"line":17,"column":0},"end":{"line":17,"column":73}},"4":{"start":{"line":18,"column":0},"end":{"line":18,"column":53}},"5":{"start":{"line":20,"column":23},"end":{"line":94,"column":1}},"6":{"start":{"line":23,"column":2},"end":{"line":93,"column":3}},"7":{"start":{"line":24,"column":30},"end":{"line":24,"column":44}},"8":{"start":{"line":25,"column":16},"end":{"line":25,"column":41}},"9":{"start":{"line":26,"column":19},"end":{"line":26,"column":51}},"10":{"start":{"line":27,"column":17},"end":{"line":27,"column":47}},"11":{"start":{"line":30,"column":4},"end":{"line":44,"column":5}},"12":{"start":{"line":31,"column":28},"end":{"line":31,"column":63}},"13":{"start":{"line":32,"column":6},"end":{"line":32,"column":81}},"14":{"start":{"line":32,"column":26},"end":{"line":32,"column":81}},"15":{"start":{"line":34,"column":19},"end":{"line":34,"column":35}},"16":{"start":{"line":35,"column":21},"end":{"line":35,"column":64}},"17":{"start":{"line":36,"column":6},"end":{"line":36,"column":79}},"18":{"start":{"line":36,"column":27},"end":{"line":36,"column":79}},"19":{"start":{"line":38,"column":27},"end":{"line":41,"column":null}},"20":{"start":{"line":43,"column":6},"end":{"line":43,"column":30}},"21":{"start":{"line":47,"column":4},"end":{"line":63,"column":5}},"22":{"start":{"line":48,"column":28},"end":{"line":48,"column":63}},"23":{"start":{"line":49,"column":24},"end":{"line":49,"column":69}},"24":{"start":{"line":50,"column":6},"end":{"line":50,"column":81}},"25":{"start":{"line":50,"column":26},"end":{"line":50,"column":81}},"26":{"start":{"line":52,"column":19},"end":{"line":52,"column":35}},"27":{"start":{"line":53,"column":21},"end":{"line":53,"column":64}},"28":{"start":{"line":54,"column":6},"end":{"line":54,"column":79}},"29":{"start":{"line":54,"column":27},"end":{"line":54,"column":79}},"30":{"start":{"line":56,"column":27},"end":{"line":60,"column":null}},"31":{"start":{"line":62,"column":6},"end":{"line":62,"column":30}},"32":{"start":{"line":66,"column":4},"end":{"line":76,"column":5}},"33":{"start":{"line":67,"column":19},"end":{"line":67,"column":35}},"34":{"start":{"line":68,"column":21},"end":{"line":68,"column":64}},"35":{"start":{"line":69,"column":6},"end":{"line":69,"column":79}},"36":{"start":{"line":69,"column":27},"end":{"line":69,"column":79}},"37":{"start":{"line":71,"column":27},"end":{"line":73,"column":null}},"38":{"start":{"line":75,"column":6},"end":{"line":75,"column":30}},"39":{"start":{"line":79,"column":4},"end":{"line":88,"column":5}},"40":{"start":{"line":80,"column":19},"end":{"line":80,"column":54}},"41":{"start":{"line":81,"column":6},"end":{"line":81,"column":70}},"42":{"start":{"line":81,"column":23},"end":{"line":81,"column":70}},"43":{"start":{"line":83,"column":29},"end":{"line":85,"column":null}},"44":{"start":{"line":87,"column":6},"end":{"line":87,"column":32}},"45":{"start":{"line":90,"column":4},"end":{"line":90,"column":72}},"46":{"start":{"line":92,"column":4},"end":{"line":92,"column":28}},"47":{"start":{"line":20,"column":13},"end":{"line":20,"column":23}}},"fnMap":{"0":{"name":"(anonymous_0)","decl":{"start":{"line":20,"column":23},"end":{"line":20,"column":28}},"loc":{"start":{"line":22,"column":38},"end":{"line":94,"column":1}}}},"branchMap":{"0":{"loc":{"start":{"line":30,"column":4},"end":{"line":44,"column":5}},"type":"if","locations":[{"start":{"line":30,"column":4},"end":{"line":44,"column":5}}]},"1":{"loc":{"start":{"line":30,"column":8},"end":{"line":30,"column":66}},"type":"binary-expr","locations":[{"start":{"line":30,"column":8},"end":{"line":30,"column":25}},{"start":{"line":30,"column":29},"end":{"line":30,"column":66}}]},"2":{"loc":{"start":{"line":32,"column":6},"end":{"line":32,"column":81}},"type":"if","locations":[{"start":{"line":32,"column":6},"end":{"line":32,"column":81}}]},"3":{"loc":{"start":{"line":36,"column":6},"end":{"line":36,"column":79}},"type":"if","locations":[{"start":{"line":36,"column":6},"end":{"line":36,"column":79}}]},"4":{"loc":{"start":{"line":47,"column":4},"end":{"line":63,"column":5}},"type":"if","locations":[{"start":{"line":47,"column":4},"end":{"line":63,"column":5}}]},"5":{"loc":{"start":{"line":47,"column":8},"end":{"line":47,"column":65}},"type":"binary-expr","locations":[{"start":{"line":47,"column":8},"end":{"line":47,"column":25}},{"start":{"line":47,"column":29},"end":{"line":47,"column":65}}]},"6":{"loc":{"start":{"line":49,"column":24},"end":{"line":49,"column":69}},"type":"binary-expr","locations":[{"start":{"line":49,"column":24},"end":{"line":49,"column":55}},{"start":{"line":49,"column":59},"end":{"line":49,"column":69}}]},"7":{"loc":{"start":{"line":50,"column":6},"end":{"line":50,"column":81}},"type":"if","locations":[{"start":{"line":50,"column":6},"end":{"line":50,"column":81}}]},"8":{"loc":{"start":{"line":54,"column":6},"end":{"line":54,"column":79}},"type":"if","locations":[{"start":{"line":54,"column":6},"end":{"line":54,"column":79}}]},"9":{"loc":{"start":{"line":66,"column":4},"end":{"line":76,"column":5}},"type":"if","locations":[{"start":{"line":66,"column":4},"end":{"line":76,"column":5}}]},"10":{"loc":{"start":{"line":66,"column":8},"end":{"line":66,"column":62}},"type":"binary-expr","locations":[{"start":{"line":66,"column":8},"end":{"line":66,"column":25}},{"start":{"line":66,"column":29},"end":{"line":66,"column":62}}]},"11":{"loc":{"start":{"line":69,"column":6},"end":{"line":69,"column":79}},"type":"if","locations":[{"start":{"line":69,"column":6},"end":{"line":69,"column":79}}]},"12":{"loc":{"start":{"line":79,"column":4},"end":{"line":88,"column":5}},"type":"if","locations":[{"start":{"line":79,"column":4},"end":{"line":88,"column":5}}]},"13":{"loc":{"start":{"line":79,"column":8},"end":{"line":79,"column":55}},"type":"binary-expr","locations":[{"start":{"line":79,"column":8},"end":{"line":79,"column":25}},{"start":{"line":79,"column":29},"end":{"line":79,"column":55}}]},"14":{"loc":{"start":{"line":81,"column":6},"end":{"line":81,"column":70}},"type":"if","locations":[{"start":{"line":81,"column":6},"end":{"line":81,"column":70}}]}},"s":{"0":1,"1":1,"2":1,"3":1,"4":1,"5":1,"6":1,"7":1,"8":1,"9":1,"10":1,"11":1,"12":0,"13":0,"14":0,"15":0,"16":0,"17":0,"18":0,"19":0,"20":0,"21":1,"22":0,"23":0,"24":0,"25":0,"26":0,"27":0,"28":0,"29":0,"30":0,"31":0,"32":1,"33":1,"34":1,"35":1,"36":0,"37":1,"38":1,"39":0,"40":0,"41":0,"42":0,"43":0,"44":0,"45":0,"46":0,"47":1},"f":{"0":1},"b":{"0":[0],"1":[1,1],"2":[0],"3":[0],"4":[0],"5":[1,1],"6":[0,0],"7":[0],"8":[0],"9":[1],"10":[1,1],"11":[0],"12":[0],"13":[0,0],"14":[0]}}
,"C:\\prajna-module-8\\src\\handlers\\shared\\container.ts": {"path":"C:\\prajna-module-8\\src\\handlers\\shared\\container.ts","statementMap":{"0":{"start":{"line":45,"column":0},"end":{"line":45,"column":16}},"1":{"start":{"line":80,"column":0},"end":{"line":80,"column":16}},"2":{"start":{"line":7,"column":0},"end":{"line":7,"column":56}},"3":{"start":{"line":8,"column":0},"end":{"line":8,"column":54}},"4":{"start":{"line":9,"column":0},"end":{"line":9,"column":72}},"5":{"start":{"line":11,"column":0},"end":{"line":11,"column":82}},"6":{"start":{"line":12,"column":0},"end":{"line":12,"column":80}},"7":{"start":{"line":13,"column":0},"end":{"line":13,"column":76}},"8":{"start":{"line":14,"column":0},"end":{"line":14,"column":null}},"9":{"start":{"line":19,"column":0},"end":{"line":19,"column":78}},"10":{"start":{"line":21,"column":0},"end":{"line":21,"column":72}},"11":{"start":{"line":22,"column":0},"end":{"line":22,"column":70}},"12":{"start":{"line":23,"column":0},"end":{"line":23,"column":62}},"13":{"start":{"line":24,"column":0},"end":{"line":24,"column":66}},"14":{"start":{"line":25,"column":0},"end":{"line":25,"column":66}},"15":{"start":{"line":26,"column":0},"end":{"line":26,"column":68}},"16":{"start":{"line":29,"column":14},"end":{"line":29,"column":31}},"17":{"start":{"line":30,"column":2},"end":{"line":30,"column":78}},"18":{"start":{"line":30,"column":12},"end":{"line":30,"column":78}},"19":{"start":{"line":31,"column":2},"end":{"line":31,"column":13}},"20":{"start":{"line":43,"column":34},"end":{"line":43,"column":38}},"21":{"start":{"line":46,"column":2},"end":{"line":46,"column":34}},"22":{"start":{"line":46,"column":17},"end":{"line":46,"column":34}},"23":{"start":{"line":48,"column":20},"end":{"line":48,"column":53}},"24":{"start":{"line":49,"column":21},"end":{"line":49,"column":56}},"25":{"start":{"line":50,"column":23},"end":{"line":50,"column":51}},"26":{"start":{"line":53,"column":14},"end":{"line":53,"column":39}},"27":{"start":{"line":54,"column":13},"end":{"line":54,"column":38}},"28":{"start":{"line":55,"column":13},"end":{"line":55,"column":49}},"29":{"start":{"line":58,"column":26},"end":{"line":58,"column":56}},"30":{"start":{"line":59,"column":25},"end":{"line":59,"column":54}},"31":{"start":{"line":60,"column":23},"end":{"line":60,"column":50}},"32":{"start":{"line":61,"column":25},"end":{"line":61,"column":54}},"33":{"start":{"line":62,"column":25},"end":{"line":62,"column":54}},"34":{"start":{"line":63,"column":22},"end":{"line":63,"column":56}},"35":{"start":{"line":64,"column":24},"end":{"line":64,"column":52}},"36":{"start":{"line":67,"column":2},"end":{"line":74,"column":4}},"37":{"start":{"line":76,"column":2},"end":{"line":76,"column":19}},"38":{"start":{"line":81,"column":2},"end":{"line":81,"column":19}}},"fnMap":{"0":{"name":"requireEnv","decl":{"start":{"line":28,"column":9},"end":{"line":28,"column":19}},"loc":{"start":{"line":28,"column":32},"end":{"line":32,"column":1}}},"1":{"name":"getContainer","decl":{"start":{"line":45,"column":16},"end":{"line":45,"column":28}},"loc":{"start":{"line":45,"column":28},"end":{"line":77,"column":1}}},"2":{"name":"resetContainer","decl":{"start":{"line":80,"column":16},"end":{"line":80,"column":30}},"loc":{"start":{"line":80,"column":30},"end":{"line":82,"column":1}}}},"branchMap":{"0":{"loc":{"start":{"line":30,"column":2},"end":{"line":30,"column":78}},"type":"if","locations":[{"start":{"line":30,"column":2},"end":{"line":30,"column":78}}]},"1":{"loc":{"start":{"line":46,"column":2},"end":{"line":46,"column":34}},"type":"if","locations":[{"start":{"line":46,"column":2},"end":{"line":46,"column":34}}]}},"s":{"0":1,"1":1,"2":1,"3":1,"4":1,"5":1,"6":1,"7":1,"8":1,"9":1,"10":1,"11":1,"12":1,"13":1,"14":1,"15":1,"16":0,"17":0,"18":0,"19":0,"20":1,"21":0,"22":0,"23":0,"24":0,"25":0,"26":0,"27":0,"28":0,"29":0,"30":0,"31":0,"32":0,"33":0,"34":0,"35":0,"36":0,"37":0,"38":0},"f":{"0":0,"1":0,"2":0},"b":{"0":[0],"1":[0]}}
,"C:\\prajna-module-8\\src\\handlers\\shared\\response.ts": {"path":"C:\\prajna-module-8\\src\\handlers\\shared\\response.ts","statementMap":{"0":{"start":{"line":12,"column":0},"end":{"line":12,"column":16}},"1":{"start":{"line":20,"column":0},"end":{"line":20,"column":16}},"2":{"start":{"line":24,"column":0},"end":{"line":24,"column":16}},"3":{"start":{"line":28,"column":0},"end":{"line":28,"column":16}},"4":{"start":{"line":40,"column":0},"end":{"line":40,"column":16}},"5":{"start":{"line":55,"column":0},"end":{"line":55,"column":16}},"6":{"start":{"line":72,"column":0},"end":{"line":72,"column":16}},"7":{"start":{"line":83,"column":0},"end":{"line":83,"column":16}},"8":{"start":{"line":92,"column":0},"end":{"line":92,"column":16}},"9":{"start":{"line":10,"column":0},"end":{"line":10,"column":49}},"10":{"start":{"line":13,"column":2},"end":{"line":17,"column":4}},"11":{"start":{"line":21,"column":2},"end":{"line":21,"column":23}},"12":{"start":{"line":25,"column":2},"end":{"line":25,"column":39}},"13":{"start":{"line":33,"column":2},"end":{"line":37,"column":4}},"14":{"start":{"line":41,"column":2},"end":{"line":41,"column":40}},"15":{"start":{"line":42,"column":21},"end":{"line":42,"column":24}},"16":{"start":{"line":44,"column":2},"end":{"line":46,"column":3}},"17":{"start":{"line":45,"column":4},"end":{"line":45,"column":70}},"18":{"start":{"line":48,"column":2},"end":{"line":50,"column":3}},"19":{"start":{"line":49,"column":4},"end":{"line":49,"column":63}},"20":{"start":{"line":52,"column":2},"end":{"line":52,"column":78}},"21":{"start":{"line":58,"column":17},"end":{"line":58,"column":null}},"22":{"start":{"line":63,"column":2},"end":{"line":69,"column":4}},"23":{"start":{"line":73,"column":2},"end":{"line":75,"column":3}},"24":{"start":{"line":74,"column":4},"end":{"line":74,"column":48}},"25":{"start":{"line":76,"column":2},"end":{"line":80,"column":3}},"26":{"start":{"line":77,"column":4},"end":{"line":77,"column":39}},"27":{"start":{"line":79,"column":4},"end":{"line":79,"column":52}},"28":{"start":{"line":87,"column":14},"end":{"line":87,"column":42}},"29":{"start":{"line":88,"column":2},"end":{"line":88,"column":63}},"30":{"start":{"line":88,"column":12},"end":{"line":88,"column":63}},"31":{"start":{"line":89,"column":2},"end":{"line":89,"column":33}},"32":{"start":{"line":96,"column":2},"end":{"line":96,"column":45}}},"fnMap":{"0":{"name":"ok","decl":{"start":{"line":12,"column":16},"end":{"line":12,"column":18}},"loc":{"start":{"line":12,"column":47},"end":{"line":18,"column":1}}},"1":{"name":"created","decl":{"start":{"line":20,"column":16},"end":{"line":20,"column":23}},"loc":{"start":{"line":20,"column":34},"end":{"line":22,"column":1}}},"2":{"name":"noContent","decl":{"start":{"line":24,"column":16},"end":{"line":24,"column":25}},"loc":{"start":{"line":24,"column":25},"end":{"line":26,"column":1}}},"3":{"name":"errorResponse","decl":{"start":{"line":28,"column":16},"end":{"line":28,"column":29}},"loc":{"start":{"line":31,"column":16},"end":{"line":38,"column":1}}},"4":{"name":"handleError","decl":{"start":{"line":40,"column":16},"end":{"line":40,"column":27}},"loc":{"start":{"line":40,"column":40},"end":{"line":53,"column":1}}},"5":{"name":"extractAuthContext","decl":{"start":{"line":55,"column":16},"end":{"line":55,"column":34}},"loc":{"start":{"line":56,"column":48},"end":{"line":70,"column":1}}},"6":{"name":"parseBody","decl":{"start":{"line":72,"column":16},"end":{"line":72,"column":25}},"loc":{"start":{"line":72,"column":60},"end":{"line":81,"column":1}}},"7":{"name":"getPathParam","decl":{"start":{"line":83,"column":16},"end":{"line":83,"column":28}},"loc":{"start":{"line":85,"column":14},"end":{"line":90,"column":1}}},"8":{"name":"getQueryParam","decl":{"start":{"line":92,"column":16},"end":{"line":92,"column":29}},"loc":{"start":{"line":94,"column":14},"end":{"line":97,"column":1}}}},"branchMap":{"0":{"loc":{"start":{"line":12,"column":31},"end":{"line":12,"column":47}},"type":"default-arg","locations":[{"start":{"line":12,"column":44},"end":{"line":12,"column":47}}]},"1":{"loc":{"start":{"line":31,"column":2},"end":{"line":31,"column":16}},"type":"default-arg","locations":[{"start":{"line":31,"column":9},"end":{"line":31,"column":16}}]},"2":{"loc":{"start":{"line":44,"column":2},"end":{"line":46,"column":3}},"type":"if","locations":[{"start":{"line":44,"column":2},"end":{"line":46,"column":3}}]},"3":{"loc":{"start":{"line":48,"column":2},"end":{"line":50,"column":3}},"type":"if","locations":[{"start":{"line":48,"column":2},"end":{"line":50,"column":3}}]},"4":{"loc":{"start":{"line":64,"column":15},"end":{"line":64,"column":70}},"type":"binary-expr","locations":[{"start":{"line":64,"column":15},"end":{"line":64,"column":41}},{"start":{"line":64,"column":45},"end":{"line":64,"column":64}},{"start":{"line":64,"column":68},"end":{"line":64,"column":70}}]},"5":{"loc":{"start":{"line":65,"column":11},"end":{"line":65,"column":63}},"type":"binary-expr","locations":[{"start":{"line":65,"column":11},"end":{"line":65,"column":32}},{"start":{"line":65,"column":36},"end":{"line":65,"column":50}},{"start":{"line":65,"column":54},"end":{"line":65,"column":63}}]},"6":{"loc":{"start":{"line":66,"column":12},"end":{"line":66,"column":61}},"type":"binary-expr","locations":[{"start":{"line":66,"column":12},"end":{"line":66,"column":35}},{"start":{"line":66,"column":39},"end":{"line":66,"column":55}},{"start":{"line":66,"column":59},"end":{"line":66,"column":61}}]},"7":{"loc":{"start":{"line":67,"column":16},"end":{"line":67,"column":73}},"type":"binary-expr","locations":[{"start":{"line":67,"column":16},"end":{"line":67,"column":43}},{"start":{"line":67,"column":47},"end":{"line":67,"column":67}},{"start":{"line":67,"column":71},"end":{"line":67,"column":73}}]},"8":{"loc":{"start":{"line":68,"column":12},"end":{"line":68,"column":51}},"type":"binary-expr","locations":[{"start":{"line":68,"column":12},"end":{"line":68,"column":25}},{"start":{"line":68,"column":29},"end":{"line":68,"column":45}},{"start":{"line":68,"column":49},"end":{"line":68,"column":51}}]},"9":{"loc":{"start":{"line":73,"column":2},"end":{"line":75,"column":3}},"type":"if","locations":[{"start":{"line":73,"column":2},"end":{"line":75,"column":3}}]},"10":{"loc":{"start":{"line":88,"column":2},"end":{"line":88,"column":63}},"type":"if","locations":[{"start":{"line":88,"column":2},"end":{"line":88,"column":63}}]}},"s":{"0":1,"1":1,"2":1,"3":1,"4":1,"5":1,"6":1,"7":1,"8":1,"9":1,"10":7,"11":3,"12":0,"13":0,"14":0,"15":0,"16":0,"17":0,"18":0,"19":0,"20":0,"21":7,"22":7,"23":4,"24":0,"25":4,"26":4,"27":0,"28":0,"29":0,"30":0,"31":0,"32":0},"f":{"0":7,"1":3,"2":0,"3":0,"4":0,"5":7,"6":4,"7":0,"8":0},"b":{"0":[4],"1":[0],"2":[0],"3":[0],"4":[7,0,0],"5":[7,0,0],"6":[7,0,0],"7":[7,0,0],"8":[7,0,0],"9":[0],"10":[0]}}
,"C:\\prajna-module-8\\src\\models\\common.model.ts": {"path":"C:\\prajna-module-8\\src\\models\\common.model.ts","statementMap":{"0":{"start":{"line":5,"column":0},"end":{"line":5,"column":null}},"1":{"start":{"line":6,"column":2},"end":{"line":6,"column":null}},"2":{"start":{"line":7,"column":2},"end":{"line":7,"column":null}},"3":{"start":{"line":8,"column":2},"end":{"line":8,"column":null}},"4":{"start":{"line":9,"column":2},"end":{"line":9,"column":null}},"5":{"start":{"line":10,"column":2},"end":{"line":10,"column":null}},"6":{"start":{"line":11,"column":2},"end":{"line":11,"column":null}},"7":{"start":{"line":14,"column":0},"end":{"line":14,"column":null}},"8":{"start":{"line":15,"column":2},"end":{"line":15,"column":null}},"9":{"start":{"line":16,"column":2},"end":{"line":16,"column":null}},"10":{"start":{"line":17,"column":2},"end":{"line":17,"column":null}},"11":{"start":{"line":18,"column":2},"end":{"line":18,"column":null}},"12":{"start":{"line":19,"column":2},"end":{"line":19,"column":null}},"13":{"start":{"line":20,"column":2},"end":{"line":20,"column":null}},"14":{"start":{"line":21,"column":2},"end":{"line":21,"column":null}},"15":{"start":{"line":22,"column":2},"end":{"line":22,"column":null}},"16":{"start":{"line":25,"column":0},"end":{"line":25,"column":null}},"17":{"start":{"line":26,"column":2},"end":{"line":26,"column":null}},"18":{"start":{"line":27,"column":2},"end":{"line":27,"column":null}},"19":{"start":{"line":28,"column":2},"end":{"line":28,"column":null}},"20":{"start":{"line":29,"column":2},"end":{"line":29,"column":null}},"21":{"start":{"line":32,"column":0},"end":{"line":32,"column":null}},"22":{"start":{"line":33,"column":2},"end":{"line":33,"column":null}},"23":{"start":{"line":34,"column":2},"end":{"line":34,"column":null}},"24":{"start":{"line":35,"column":2},"end":{"line":35,"column":null}},"25":{"start":{"line":36,"column":2},"end":{"line":36,"column":null}},"26":{"start":{"line":37,"column":2},"end":{"line":37,"column":null}},"27":{"start":{"line":40,"column":0},"end":{"line":40,"column":null}},"28":{"start":{"line":41,"column":2},"end":{"line":41,"column":null}},"29":{"start":{"line":42,"column":2},"end":{"line":42,"column":null}},"30":{"start":{"line":43,"column":2},"end":{"line":43,"column":null}},"31":{"start":{"line":44,"column":2},"end":{"line":44,"column":null}},"32":{"start":{"line":47,"column":0},"end":{"line":47,"column":null}},"33":{"start":{"line":48,"column":2},"end":{"line":48,"column":null}},"34":{"start":{"line":49,"column":2},"end":{"line":49,"column":null}},"35":{"start":{"line":50,"column":2},"end":{"line":50,"column":null}},"36":{"start":{"line":53,"column":0},"end":{"line":53,"column":null}},"37":{"start":{"line":54,"column":2},"end":{"line":54,"column":null}},"38":{"start":{"line":55,"column":2},"end":{"line":55,"column":null}},"39":{"start":{"line":56,"column":2},"end":{"line":56,"column":null}},"40":{"start":{"line":57,"column":2},"end":{"line":57,"column":null}},"41":{"start":{"line":58,"column":2},"end":{"line":58,"column":null}},"42":{"start":{"line":61,"column":0},"end":{"line":61,"column":null}},"43":{"start":{"line":62,"column":2},"end":{"line":62,"column":null}},"44":{"start":{"line":63,"column":2},"end":{"line":63,"column":null}},"45":{"start":{"line":64,"column":2},"end":{"line":64,"column":null}},"46":{"start":{"line":65,"column":2},"end":{"line":65,"column":null}},"47":{"start":{"line":68,"column":0},"end":{"line":68,"column":null}},"48":{"start":{"line":69,"column":2},"end":{"line":69,"column":null}},"49":{"start":{"line":70,"column":2},"end":{"line":70,"column":null}},"50":{"start":{"line":71,"column":2},"end":{"line":71,"column":null}},"51":{"start":{"line":72,"column":2},"end":{"line":72,"column":null}},"52":{"start":{"line":73,"column":2},"end":{"line":73,"column":null}},"53":{"start":{"line":74,"column":2},"end":{"line":74,"column":null}}},"fnMap":{"0":{"name":"(anonymous_0)","decl":{"start":{"line":5,"column":0},"end":{"line":5,"column":12}},"loc":{"start":{"line":5,"column":20},"end":{"line":12,"column":1}}},"1":{"name":"(anonymous_1)","decl":{"start":{"line":14,"column":0},"end":{"line":14,"column":12}},"loc":{"start":{"line":14,"column":27},"end":{"line":23,"column":1}}},"2":{"name":"(anonymous_2)","decl":{"start":{"line":25,"column":0},"end":{"line":25,"column":12}},"loc":{"start":{"line":25,"column":29},"end":{"line":30,"column":1}}},"3":{"name":"(anonymous_3)","decl":{"start":{"line":32,"column":0},"end":{"line":32,"column":12}},"loc":{"start":{"line":32,"column":28},"end":{"line":38,"column":1}}},"4":{"name":"(anonymous_4)","decl":{"start":{"line":40,"column":0},"end":{"line":40,"column":12}},"loc":{"start":{"line":40,"column":24},"end":{"line":45,"column":1}}},"5":{"name":"(anonymous_5)","decl":{"start":{"line":47,"column":0},"end":{"line":47,"column":12}},"loc":{"start":{"line":47,"column":26},"end":{"line":51,"column":1}}},"6":{"name":"(anonymous_6)","decl":{"start":{"line":53,"column":0},"end":{"line":53,"column":12}},"loc":{"start":{"line":53,"column":25},"end":{"line":59,"column":1}}},"7":{"name":"(anonymous_7)","decl":{"start":{"line":61,"column":0},"end":{"line":61,"column":12}},"loc":{"start":{"line":61,"column":28},"end":{"line":66,"column":1}}},"8":{"name":"(anonymous_8)","decl":{"start":{"line":68,"column":0},"end":{"line":68,"column":12}},"loc":{"start":{"line":68,"column":21},"end":{"line":75,"column":1}}}},"branchMap":{"0":{"loc":{"start":{"line":5,"column":12},"end":{"line":5,"column":null}},"type":"binary-expr","locations":[{"start":{"line":5,"column":12},"end":{"line":5,"column":20}},{"start":{"line":5,"column":20},"end":{"line":5,"column":null}}]},"1":{"loc":{"start":{"line":14,"column":12},"end":{"line":14,"column":null}},"type":"binary-expr","locations":[{"start":{"line":14,"column":12},"end":{"line":14,"column":27}},{"start":{"line":14,"column":27},"end":{"line":14,"column":null}}]},"2":{"loc":{"start":{"line":25,"column":12},"end":{"line":25,"column":null}},"type":"binary-expr","locations":[{"start":{"line":25,"column":12},"end":{"line":25,"column":29}},{"start":{"line":25,"column":29},"end":{"line":25,"column":null}}]},"3":{"loc":{"start":{"line":32,"column":12},"end":{"line":32,"column":null}},"type":"binary-expr","locations":[{"start":{"line":32,"column":12},"end":{"line":32,"column":28}},{"start":{"line":32,"column":28},"end":{"line":32,"column":null}}]},"4":{"loc":{"start":{"line":40,"column":12},"end":{"line":40,"column":null}},"type":"binary-expr","locations":[{"start":{"line":40,"column":12},"end":{"line":40,"column":24}},{"start":{"line":40,"column":24},"end":{"line":40,"column":null}}]},"5":{"loc":{"start":{"line":47,"column":12},"end":{"line":47,"column":null}},"type":"binary-expr","locations":[{"start":{"line":47,"column":12},"end":{"line":47,"column":26}},{"start":{"line":47,"column":26},"end":{"line":47,"column":null}}]},"6":{"loc":{"start":{"line":53,"column":12},"end":{"line":53,"column":null}},"type":"binary-expr","locations":[{"start":{"line":53,"column":12},"end":{"line":53,"column":25}},{"start":{"line":53,"column":25},"end":{"line":53,"column":null}}]},"7":{"loc":{"start":{"line":61,"column":12},"end":{"line":61,"column":null}},"type":"binary-expr","locations":[{"start":{"line":61,"column":12},"end":{"line":61,"column":28}},{"start":{"line":61,"column":28},"end":{"line":61,"column":null}}]},"8":{"loc":{"start":{"line":68,"column":12},"end":{"line":68,"column":null}},"type":"binary-expr","locations":[{"start":{"line":68,"column":12},"end":{"line":68,"column":21}},{"start":{"line":68,"column":21},"end":{"line":68,"column":null}}]}},"s":{"0":10,"1":10,"2":10,"3":10,"4":10,"5":10,"6":10,"7":10,"8":10,"9":10,"10":10,"11":10,"12":10,"13":10,"14":10,"15":10,"16":10,"17":10,"18":10,"19":10,"20":10,"21":10,"22":10,"23":10,"24":10,"25":10,"26":10,"27":10,"28":10,"29":10,"30":10,"31":10,"32":10,"33":10,"34":10,"35":10,"36":10,"37":10,"38":10,"39":10,"40":10,"41":10,"42":10,"43":10,"44":10,"45":10,"46":10,"47":10,"48":10,"49":10,"50":10,"51":10,"52":10,"53":10},"f":{"0":10,"1":10,"2":10,"3":10,"4":10,"5":10,"6":10,"7":10,"8":10},"b":{"0":[10,10],"1":[10,10],"2":[10,10],"3":[10,10],"4":[10,10],"5":[10,10],"6":[10,10],"7":[10,10],"8":[10,10]}}
[...]
277,"column":50},"end":{"line":277,"column":68}}},"16":{"name":"(anonymous_16)","decl":{"start":{"line":278,"column":36},"end":{"line":278,"column":37}},"loc":{"start":{"line":278,"column":46},"end":{"line":278,"column":68}}},"17":{"name":"(anonymous_17)","decl":{"start":{"line":282,"column":2},"end":{"line":282,"column":7}},"loc":{"start":{"line":284,"column":26},"end":{"line":319,"column":3}}},"18":{"name":"(anonymous_18)","decl":{"start":{"line":292,"column":57},"end":{"line":292,"column":58}},"loc":{"start":{"line":292,"column":65},"end":{"line":301,"column":6}}},"19":{"name":"(anonymous_19)","decl":{"start":{"line":305,"column":41},"end":{"line":305,"column":42}},"loc":{"start":{"line":305,"column":47},"end":{"line":310,"column":5}}}},"branchMap":{"0":{"loc":{"start":{"line":69,"column":4},"end":{"line":69,"column":65}},"type":"if","locations":[{"start":{"line":69,"column":4},"end":{"line":69,"column":65}}]},"1":{"loc":{"start":{"line":73,"column":4},"end":{"line":73,"column":64}},"type":"if","locations":[{"start":{"line":73,"column":4},"end":{"line":73,"column":64}}]},"2":{"loc":{"start":{"line":80,"column":4},"end":{"line":80,"column":65}},"type":"if","locations":[{"start":{"line":80,"column":4},"end":{"line":80,"column":65}}]},"3":{"loc":{"start":{"line":87,"column":4},"end":{"line":87,"column":89}},"type":"default-arg","locations":[{"start":{"line":87,"column":87},"end":{"line":87,"column":89}}]},"4":{"loc":{"start":{"line":94,"column":4},"end":{"line":94,"column":61}},"type":"if","locations":[{"start":{"line":94,"column":4},"end":{"line":94,"column":61}}]},"5":{"loc":{"start":{"line":121,"column":4},"end":{"line":121,"column":79}},"type":"if","locations":[{"start":{"line":121,"column":4},"end":{"line":121,"column":79}}]},"6":{"loc":{"start":{"line":128,"column":4},"end":{"line":128,"column":89}},"type":"default-arg","locations":[{"start":{"line":128,"column":87},"end":{"line":128,"column":89}}]},"7":{"loc":{"start":{"line":175,"column":4},"end":{"line":175,"column":65}},"type":"if","locations":[{"start":{"line":175,"column":4},"end":{"line":175,"column":65}}]},"8":{"loc":{"start":{"line":178,"column":4},"end":{"line":180,"column":5}},"type":"if","locations":[{"start":{"line":178,"column":4},"end":{"line":180,"column":5}}]},"9":{"loc":{"start":{"line":187,"column":4},"end":{"line":187,"column":64}},"type":"if","locations":[{"start":{"line":187,"column":4},"end":{"line":187,"column":64}}]},"10":{"loc":{"start":{"line":209,"column":4},"end":{"line":214,"column":10}},"type":"default-arg","locations":[{"start":{"line":214,"column":8},"end":{"line":214,"column":10}}]},"11":{"loc":{"start":{"line":243,"column":6},"end":{"line":252,"column":7}},"type":"if","locations":[{"start":{"line":243,"column":6},"end":{"line":252,"column":7}}]},"12":{"loc":{"start":{"line":307,"column":6},"end":{"line":307,"column":38}},"type":"if","locations":[{"start":{"line":307,"column":6},"end":{"line":307,"column":38}}]},"13":{"loc":{"start":{"line":315,"column":16},"end":{"line":315,"column":44}},"type":"binary-expr","locations":[{"start":{"line":315,"column":16},"end":{"line":315,"column":38}},{"start":{"line":315,"column":42},"end":{"line":315,"column":44}}]},"14":{"loc":{"start":{"line":316,"column":20},"end":{"line":316,"column":52}},"type":"binary-expr","locations":[{"start":{"line":316,"column":20},"end":{"line":316,"column":46}},{"start":{"line":316,"column":50},"end":{"line":316,"column":52}}]}},"s":{"0":2,"1":2,"2":5,"3":5,"4":5,"5":5,"6":1,"7":1,"8":0,"9":0,"10":0,"11":0,"12":0,"13":0,"14":0,"15":0,"16":0,"17":0,"18":0,"19":0,"20":0,"21":0,"22":0,"23":1,"24":0,"25":0,"26":0,"27":0,"28":0,"29":1,"30":1,"31":0,"32":0,"33":0,"34":0,"35":0,"36":0,"37":0,"38":1,"39":1,"40":1,"41":1,"42":1,"43":1,"44":1,"45":0,"46":1,"47":1,"48":0,"49":1,"50":1,"51":0,"52":1,"53":1,"54":0,"55":0,"56":0,"57":0,"58":0,"59":0,"60":0,"61":0,"62":0,"63":0,"64":0,"65":0,"66":0,"67":0,"68":0,"69":0,"70":0,"71":0,"72":0,"73":0,"74":0,"75":0,"76":0,"77":0,"78":0,"79":0,"80":0,"81":2},"f":{"0":5,"1":1,"2":0,"3":0,"4":1,"5":0,"6":1,"7":0,"8":0,"9":1,"10":1,"11":0,"12":0,"13":0,"14":0,"15":0,"16":0,"17":0,"18":0,"19":0},"b":{"0":[0],"1":[0],"2":[0],"3":[0],"4":[0],"5":[0],"6":[0],"7":[0],"8":[0],"9":[0],"10":[0],"11":[0],"12":[0],"13":[0,0],"14":[0,0]}}
,"C:\\prajna-module-8\\src\\services\\submission.service.ts": {"path":"C:\\prajna-module-8\\src\\services\\submission.service.ts","statementMap":{"0":{"start":{"line":10,"column":0},"end":{"line":10,"column":null}},"1":{"start":{"line":15,"column":0},"end":{"line":15,"column":null}},"2":{"start":{"line":24,"column":21},"end":{"line":24,"column":57}},"3":{"start":{"line":25,"column":21},"end":{"line":25,"column":59}},"4":{"start":{"line":26,"column":21},"end":{"line":26,"column":43}},"5":{"start":{"line":33,"column":24},"end":{"line":33,"column":77}},"6":{"start":{"line":34,"column":4},"end":{"line":34,"column":80}},"7":{"start":{"line":34,"column":22},"end":{"line":34,"column":80}},"8":{"start":{"line":36,"column":4},"end":{"line":40,"column":5}},"9":{"start":{"line":37,"column":6},"end":{"line":39,"column":8}},"10":{"start":{"line":42,"column":4},"end":{"line":50,"column":5}},"11":{"start":{"line":43,"column":18},"end":{"line":43,"column":28}},"12":{"start":{"line":44,"column":18},"end":{"line":44,"column":47}},"13":{"start":{"line":45,"column":6},"end":{"line":49,"column":7}},"14":{"start":{"line":46,"column":8},"end":{"line":48,"column":10}},"15":{"start":{"line":52,"column":23},"end":{"line":57,"column":null}},"16":{"start":{"line":60,"column":4},"end":{"line":60,"column":75}},"17":{"start":{"line":62,"column":4},"end":{"line":77,"column":7}},"18":{"start":{"line":79,"column":4},"end":{"line":79,"column":22}},"19":{"start":{"line":87,"column":23},"end":{"line":87,"column":70}},"20":{"start":{"line":88,"column":4},"end":{"line":88,"column":73}},"21":{"start":{"line":88,"column":21},"end":{"line":88,"column":73}},"22":{"start":{"line":90,"column":4},"end":{"line":90,"column":54}},"23":{"start":{"line":92,"column":24},"end":{"line":93,"column":null}},"24":{"start":{"line":95,"column":4},"end":{"line":95,"column":87}},"25":{"start":{"line":95,"column":22},"end":{"line":95,"column":87}},"26":{"start":{"line":97,"column":4},"end":{"line":101,"column":5}},"27":{"start":{"line":98,"column":6},"end":{"line":100,"column":8}},"28":{"start":{"line":103,"column":19},"end":{"line":107,"column":null}},"29":{"start":{"line":109,"column":4},"end":{"line":109,"column":69}},"30":{"start":{"line":109,"column":17},"end":{"line":109,"column":69}},"31":{"start":{"line":111,"column":4},"end":{"line":111,"column":18}},"32":{"start":{"line":118,"column":23},"end":{"line":118,"column":70}},"33":{"start":{"line":119,"column":4},"end":{"line":119,"column":73}},"34":{"start":{"line":119,"column":21},"end":{"line":119,"column":73}},"35":{"start":{"line":120,"column":4},"end":{"line":120,"column":54}},"36":{"start":{"line":121,"column":4},"end":{"line":121,"column":22}},"37":{"start":{"line":129,"column":24},"end":{"line":129,"column":73}},"38":{"start":{"line":130,"column":4},"end":{"line":130,"column":76}},"39":{"start":{"line":130,"column":22},"end":{"line":130,"column":76}},"40":{"start":{"line":131,"column":4},"end":{"line":131,"column":55}},"41":{"start":{"line":132,"column":4},"end":{"line":132,"column":73}},"42":{"start":{"line":140,"column":4},"end":{"line":140,"column":65}},"43":{"start":{"line":22,"column":0},"end":{"line":22,"column":13}}},"fnMap":{"0":{"name":"(anonymous_0)","decl":{"start":{"line":23,"column":2},"end":{"line":23,"column":null}},"loc":{"start":{"line":26,"column":43},"end":{"line":27,"column":6}}},"1":{"name":"(anonymous_1)","decl":{"start":{"line":29,"column":2},"end":{"line":29,"column":7}},"loc":{"start":{"line":31,"column":26},"end":{"line":80,"column":3}}},"2":{"name":"(anonymous_2)","decl":{"start":{"line":82,"column":2},"end":{"line":82,"column":7}},"loc":{"start":{"line":85,"column":26},"end":{"line":112,"column":3}}},"3":{"name":"(anonymous_3)","decl":{"start":{"line":114,"column":2},"end":{"line":114,"column":7}},"loc":{"start":{"line":116,"column":26},"end":{"line":122,"column":3}}},"4":{"name":"(anonymous_4)","decl":{"start":{"line":124,"column":2},"end":{"line":124,"column":7}},"loc":{"start":{"line":127,"column":40},"end":{"line":133,"column":3}}},"5":{"name":"(anonymous_5)","decl":{"start":{"line":135,"column":2},"end":{"line":135,"column":7}},"loc":{"start":{"line":138,"column":40},"end":{"line":141,"column":3}}}},"branchMap":{"0":{"loc":{"start":{"line":34,"column":4},"end":{"line":34,"column":80}},"type":"if","locations":[{"start":{"line":34,"column":4},"end":{"line":34,"column":80}}]},"1":{"loc":{"start":{"line":36,"column":4},"end":{"line":40,"column":5}},"type":"if","locations":[{"start":{"line":36,"column":4},"end":{"line":40,"column":5}}]},"2":{"loc":{"start":{"line":42,"column":4},"end":{"line":50,"column":5}},"type":"if","locations":[{"start":{"line":42,"column":4},"end":{"line":50,"column":5}}]},"3":{"loc":{"start":{"line":45,"column":6},"end":{"line":49,"column":7}},"type":"if","locations":[{"start":{"line":45,"column":6},"end":{"line":49,"column":7}}]},"4":{"loc":{"start":{"line":88,"column":4},"end":{"line":88,"column":73}},"type":"if","locations":[{"start":{"line":88,"column":4},"end":{"line":88,"column":73}}]},"5":{"loc":{"start":{"line":95,"column":4},"end":{"line":95,"column":87}},"type":"if","locations":[{"start":{"line":95,"column":4},"end":{"line":95,"column":87}}]},"6":{"loc":{"start":{"line":97,"column":4},"end":{"line":101,"column":5}},"type":"if","locations":[{"start":{"line":97,"column":4},"end":{"line":101,"column":5}}]},"7":{"loc":{"start":{"line":109,"column":4},"end":{"line":109,"column":69}},"type":"if","locations":[{"start":{"line":109,"column":4},"end":{"line":109,"column":69}}]},"8":{"loc":{"start":{"line":119,"column":4},"end":{"line":119,"column":73}},"type":"if","locations":[{"start":{"line":119,"column":4},"end":{"line":119,"column":73}}]},"9":{"loc":{"start":{"line":127,"column":4},"end":{"line":127,"column":40}},"type":"default-arg","locations":[{"start":{"line":127,"column":38},"end":{"line":127,"column":40}}]},"10":{"loc":{"start":{"line":130,"column":4},"end":{"line":130,"column":76}},"type":"if","locations":[{"start":{"line":130,"column":4},"end":{"line":130,"column":76}}]},"11":{"loc":{"start":{"line":138,"column":4},"end":{"line":138,"column":40}},"type":"default-arg","locations":[{"start":{"line":138,"column":38},"end":{"line":138,"column":40}}]}},"s":{"0":2,"1":2,"2":5,"3":5,"4":5,"5":1,"6":1,"7":0,"8":1,"9":0,"10":1,"11":1,"12":1,"13":1,"14":0,"15":1,"16":1,"17":1,"18":1,"19":2,"20":2,"21":0,"22":2,"23":1,"24":1,"25":0,"26":1,"27":0,"28":1,"29":1,"30":0,"31":1,"32":1,"33":1,"34":0,"35":1,"36":1,"37":1,"38":1,"39":0,"40":1,"41":1,"42":0,"43":2},"f":{"0":5,"1":1,"2":2,"3":1,"4":1,"5":0},"b":{"0":[0],"1":[0],"2":[1],"3":[0],"4":[0],"5":[0],"6":[0],"7":[0],"8":[0],"9":[1],"10":[0],"11":[0]}}
,"C:\\prajna-module-8\\src\\services\\upload.service.ts": {"path":"C:\\prajna-module-8\\src\\services\\upload.service.ts","statementMap":{"0":{"start":{"line":7,"column":0},"end":{"line":7,"column":42}},"1":{"start":{"line":22,"column":31},"end":{"line":22,"column":44}},"2":{"start":{"line":29,"column":4},"end":{"line":29,"column":24}},"3":{"start":{"line":31,"column":18},"end":{"line":34,"column":null}},"4":{"start":{"line":37,"column":19},"end":{"line":40,"column":null}},"5":{"start":{"line":43,"column":4},"end":{"line":47,"column":6}},"6":{"start":{"line":56,"column":18},"end":{"line":60,"column":null}},"7":{"start":{"line":63,"column":19},"end":{"line":66,"column":null}},"8":{"start":{"line":69,"column":4},"end":{"line":73,"column":6}},"9":{"start":{"line":80,"column":4},"end":{"line":80,"column":24}},"10":{"start":{"line":82,"column":18},"end":{"line":84,"column":null}},"11":{"start":{"line":87,"column":19},"end":{"line":90,"column":null}},"12":{"start":{"line":93,"column":4},"end":{"line":97,"column":6}},"13":{"start":{"line":104,"column":4},"end":{"line":104,"column":60}},"14":{"start":{"line":21,"column":0},"end":{"line":21,"column":13}}},"fnMap":{"0":{"name":"(anonymous_0)","decl":{"start":{"line":22,"column":2},"end":{"line":22,"column":31}},"loc":{"start":{"line":22,"column":44},"end":{"line":22,"column":48}}},"1":{"name":"(anonymous_1)","decl":{"start":{"line":24,"column":2},"end":{"line":24,"column":7}},"loc":{"start":{"line":27,"column":26},"end":{"line":48,"column":3}}},"2":{"name":"(anonymous_2)","decl":{"start":{"line":50,"column":2},"end":{"line":50,"column":7}},"loc":{"start":{"line":54,"column":26},"end":{"line":74,"column":3}}},"3":{"name":"(anonymous_3)","decl":{"start":{"line":76,"column":2},"end":{"line":76,"column":7}},"loc":{"start":{"line":78,"column":26},"end":{"line":98,"column":3}}},"4":{"name":"(anonymous_4)","decl":{"start":{"line":100,"column":2},"end":{"line":100,"column":7}},"loc":{"start":{"line":102,"column":27},"end":{"line":105,"column":3}}}},"branchMap":{},"s":{"0":2,"1":4,"2":1,"3":1,"4":1,"5":1,"6":1,"7":1,"8":1,"9":1,"10":1,"11":1,"12":1,"13":1,"14":2},"f":{"0":4,"1":1,"2":1,"3":1,"4":1},"b":{}}
,"C:\\prajna-module-8\\src\\validators\\common.validator.ts": {"path":"C:\\prajna-module-8\\src\\validators\\common.validator.ts","statementMap":{"0":{"start":{"line":89,"column":0},"end":{"line":89,"column":16}},"1":{"start":{"line":5,"column":0},"end":{"line":5,"column":24}},"2":{"start":{"line":6,"column":0},"end":{"line":6,"column":50}},"3":{"start":{"line":10,"column":13},"end":{"line":10,"column":66}},"4":{"start":{"line":12,"column":13},"end":{"line":17,"column":4}},"5":{"start":{"line":19,"column":13},"end":{"line":21,"column":69}},"6":{"start":{"line":23,"column":13},"end":{"line":25,"column":66}},"7":{"start":{"line":27,"column":13},"end":{"line":27,"column":76}},"8":{"start":{"line":29,"column":13},"end":{"line":29,"column":55}},"9":{"start":{"line":31,"column":13},"end":{"line":31,"column":51}},"10":{"start":{"line":33,"column":13},"end":{"line":36,"column":41}},"11":{"start":{"line":40,"column":13},"end":{"line":43,"column":3}},"12":{"start":{"line":47,"column":13},"end":{"line":54,"column":3}},"13":{"start":{"line":58,"column":13},"end":{"line":64,"column":3}},"14":{"start":{"line":68,"column":13},"end":{"line":76,"column":3}},"15":{"start":{"line":80,"column":13},"end":{"line":85,"column":3}},"16":{"start":{"line":93,"column":17},"end":{"line":93,"column":39}},"17":{"start":{"line":94,"column":2},"end":{"line":96,"column":3}},"18":{"start":{"line":95,"column":4},"end":{"line":95,"column":48}},"19":{"start":{"line":97,"column":17},"end":{"line":98,"column":null}},"20":{"start":{"line":98,"column":11},"end":{"line":98,"column":46}},"21":{"start":{"line":100,"column":2},"end":{"line":100,"column":36}}},"fnMap":{"0":{"name":"parseAndValidate","decl":{"start":{"line":89,"column":16},"end":{"line":89,"column":32}},"loc":{"start":{"line":91,"column":15},"end":{"line":101,"column":1}}},"1":{"name":"(anonymous_1)","decl":{"start":{"line":98,"column":4},"end":{"line":98,"column":5}},"loc":{"start":{"line":98,"column":11},"end":{"line":98,"column":46}}}},"branchMap":{"0":{"loc":{"start":{"line":94,"column":2},"end":{"line":96,"column":3}},"type":"if","locations":[{"start":{"line":94,"column":2},"end":{"line":96,"column":3}}]}},"s":{"0":2,"1":2,"2":2,"3":2,"4":2,"5":2,"6":2,"7":2,"8":2,"9":2,"10":2,"11":2,"12":2,"13":2,"14":2,"15":2,"16":12,"17":12,"18":12,"19":0,"20":0,"21":0},"f":{"0":12,"1":0},"b":{"0":[12]}}
,"C:\\prajna-module-8\\src\\validators\\deliverable.validator.ts": {"path":"C:\\prajna-module-8\\src\\validators\\deliverable.validator.ts","statementMap":{"0":{"start":{"line":5,"column":0},"end":{"line":5,"column":24}},"1":{"start":{"line":6,"column":0},"end":{"line":6,"column":76}},"2":{"start":{"line":7,"column":0},"end":{"line":7,"column":null}},"3":{"start":{"line":20,"column":13},"end":{"line":26,"column":3}},"4":{"start":{"line":30,"column":13},"end":{"line":44,"column":2}},"5":{"start":{"line":42,"column":12},"end":{"line":42,"column":48}},"6":{"start":{"line":48,"column":13},"end":{"line":59,"column":3}},"7":{"start":{"line":63,"column":13},"end":{"line":70,"column":3}}},"fnMap":{"0":{"name":"(anonymous_0)","decl":{"start":{"line":42,"column":2},"end":{"line":42,"column":3}},"loc":{"start":{"line":42,"column":12},"end":{"line":42,"column":48}}}},"branchMap":{},"s":{"0":2,"1":2,"2":2,"3":2,"4":2,"5":1,"6":2,"7":2},"f":{"0":1},"b":{}}
,"C:\\prajna-module-8\\src\\validators\\feedback.validator.ts": {"path":"C:\\prajna-module-8\\src\\validators\\feedback.validator.ts","statementMap":{"0":{"start":{"line":5,"column":0},"end":{"line":5,"column":24}},"1":{"start":{"line":6,"column":0},"end":{"line":6,"column":70}},"2":{"start":{"line":7,"column":0},"end":{"line":7,"column":null}},"3":{"start":{"line":19,"column":13},"end":{"line":24,"column":3}},"4":{"start":{"line":28,"column":13},"end":{"line":32,"column":3}},"5":{"start":{"line":36,"column":13},"end":{"line":52,"column":2}},"6":{"start":{"line":47,"column":9},"end":{"line":47,"column":53}},"7":{"start":{"line":56,"column":13},"end":{"line":61,"column":3}},"8":{"start":{"line":65,"column":13},"end":{"line":71,"column":3}}},"fnMap":{"0":{"name":"(anonymous_0)","decl":{"start":{"line":47,"column":2},"end":{"line":47,"column":3}},"loc":{"start":{"line":47,"column":9},"end":{"line":47,"column":53}}}},"branchMap":{},"s":{"0":2,"1":2,"2":2,"3":2,"4":2,"5":2,"6":1,"7":2,"8":2},"f":{"0":1},"b":{}}
,"C:\\prajna-module-8\\src\\validators\\session.validator.ts": {"path":"C:\\prajna-module-8\\src\\validators\\session.validator.ts","statementMap":{"0":{"start":{"line":5,"column":0},"end":{"line":5,"column":24}},"1":{"start":{"line":6,"column":0},"end":{"line":6,"column":null}},"2":{"start":{"line":11,"column":0},"end":{"line":11,"column":null}},"3":{"start":{"line":23,"column":13},"end":{"line":31,"column":3}},"4":{"start":{"line":35,"column":13},"end":{"line":48,"column":3}},"5":{"start":{"line":50,"column":13},"end":{"line":61,"column":3}},"6":{"start":{"line":63,"column":13},"end":{"line":69,"column":3}},"7":{"start":{"line":73,"column":13},"end":{"line":79,"column":3}},"8":{"start":{"line":81,"column":13},"end":{"line":92,"column":2}},"9":{"start":{"line":90,"column":9},"end":{"line":90,"column":32}},"10":{"start":{"line":94,"column":13},"end":{"line":105,"column":3}},"11":{"start":{"line":107,"column":13},"end":{"line":112,"column":3}},"12":{"start":{"line":116,"column":13},"end":{"line":127,"column":2}},"13":{"start":{"line":125,"column":9},"end":{"line":125,"column":32}},"14":{"start":{"line":129,"column":13},"end":{"line":139,"column":3}},"15":{"start":{"line":141,"column":13},"end":{"line":146,"column":3}}},"fnMap":{"0":{"name":"(anonymous_0)","decl":{"start":{"line":90,"column":2},"end":{"line":90,"column":3}},"loc":{"start":{"line":90,"column":9},"end":{"line":90,"column":32}}},"1":{"name":"(anonymous_1)","decl":{"start":{"line":125,"column":2},"end":{"line":125,"column":3}},"loc":{"start":{"line":125,"column":9},"end":{"line":125,"column":32}}}},"branchMap":{},"s":{"0":2,"1":2,"2":2,"3":2,"4":2,"5":2,"6":2,"7":2,"8":2,"9":1,"10":2,"11":2,"12":2,"13":1,"14":2,"15":2},"f":{"0":1,"1":1},"b":{}}
,"C:\\prajna-module-8\\src\\validators\\submission.validator.ts": {"path":"C:\\prajna-module-8\\src\\validators\\submission.validator.ts","statementMap":{"0":{"start":{"line":5,"column":0},"end":{"line":5,"column":24}},"1":{"start":{"line":6,"column":0},"end":{"line":6,"column":58}},"2":{"start":{"line":7,"column":0},"end":{"line":7,"column":null}},"3":{"start":{"line":16,"column":13},"end":{"line":25,"column":3}},"4":{"start":{"line":29,"column":13},"end":{"line":35,"column":3}},"5":{"start":{"line":37,"column":13},"end":{"line":41,"column":3}},"6":{"start":{"line":45,"column":13},"end":{"line":50,"column":3}},"7":{"start":{"line":54,"column":13},"end":{"line":60,"column":3}}},"fnMap":{},"branchMap":{},"s":{"0":2,"1":2,"2":2,"3":2,"4":2,"5":2,"6":2,"7":2},"f":{},"b":{}}
}
