TN:
SF:src\adapters\ddb.adapter.ts
FN:58,(anonymous_0)
FN:60,(anonymous_1)
FN:67,(anonymous_2)
FN:73,(anonymous_3)
FN:88,(anonymous_4)
FN:106,(anonymous_5)
FN:110,(anonymous_6)
FN:116,(anonymous_7)
FN:137,(anonymous_8)
FNF:9
FNH:9
FNDA:8,(anonymous_0)
FNDA:1,(anonymous_1)
FNDA:1,(anonymous_2)
FNDA:1,(anonymous_3)
FNDA:2,(anonymous_4)
FNDA:1,(anonymous_5)
FNDA:1,(anonymous_6)
FNDA:1,(anonymous_7)
FNDA:1,(anonymous_8)
DA:5,2
DA:9,2
DA:40,2
DA:44,2
DA:46,2
DA:57,2
DA:58,8
DA:61,1
DA:64,1
DA:68,1
DA:78,1
DA:92,2
DA:103,2
DA:107,1
DA:111,1
DA:119,1
DA:130,1
DA:131,1
DA:140,1
LF:19
LH:19
BRDA:41,0,0,2
BRDA:41,0,1,2
BRDA:64,1,0,1
BRDA:64,1,1,0
BRDA:103,2,0,0
BRDA:103,2,1,2
BRDA:132,3,0,1
BRDA:132,3,1,0
BRF:8
BRH:5
end_of_record
TN:
SF:src\adapters\eventbridge.adapter.ts
FN:38,(anonymous_0)
FN:40,(anonymous_1)
FN:64,(anonymous_2)
FN:71,(anonymous_3)
FN:72,(anonymous_4)
FNF:5
FNH:3
FNDA:2,(anonymous_0)
FNDA:1,(anonymous_1)
FNDA:0,(anonymous_2)
FNDA:1,(anonymous_3)
FNDA:0,(anonymous_4)
DA:6,2
DA:31,2
DA:35,2
DA:36,2
DA:38,2
DA:41,1
DA:59,1
DA:63,1
DA:64,0
DA:65,0
DA:72,1
DA:91,1
DA:92,1
DA:93,0
DA:96,1
DA:97,0
DA:100,0
DA:101,0
LF:18
LH:12
BRDA:32,0,0,2
BRDA:32,0,1,2
BRDA:63,1,0,0
BRDA:63,2,0,1
BRDA:63,2,1,0
BRDA:100,3,0,0
BRDA:100,4,0,0
BRDA:100,4,1,0
BRF:8
BRH:3
end_of_record
TN:
SF:src\adapters\s3.adapter.ts
FN:30,(anonymous_0)
FN:32,(anonymous_1)
FN:52,(anonymous_2)
FN:69,(anonymous_3)
FN:75,(anonymous_4)
FN:86,(anonymous_5)
FN:90,(anonymous_6)
FN:98,(anonymous_7)
FNF:8
FNH:8
FNDA:6,(anonymous_0)
FNDA:1,(anonymous_1)
FNDA:1,(anonymous_2)
FNDA:1,(anonymous_3)
FNDA:2,(anonymous_4)
FNDA:1,(anonymous_5)
FNDA:1,(anonymous_6)
FNDA:1,(anonymous_7)
DA:5,2
DA:11,2
DA:12,2
DA:25,2
DA:29,2
DA:30,6
DA:37,1
DA:42,1
DA:45,1
DA:56,1
DA:60,1
DA:63,1
DA:70,1
DA:76,2
DA:77,2
DA:80,1
DA:82,1
DA:87,1
DA:95,1
DA:104,1
LF:20
LH:20
BRDA:26,0,0,2
BRDA:26,0,1,2
BRDA:35,1,0,1
BRDA:54,2,0,1
BRF:4
BRH:4
end_of_record
TN:
SF:src\handlers\deliverable.handler.ts
FN:29,(anonymous_0)
FNF:1
FNH:1
FNDA:2,(anonymous_0)
DA:11,1
DA:20,1
DA:21,1
DA:22,1
DA:27,1
DA:29,1
DA:32,2
DA:33,2
DA:34,2
DA:35,2
DA:36,2
DA:39,2
DA:40,1
DA:41,1
DA:42,1
DA:44,1
DA:45,1
DA:49,1
DA:50,1
DA:51,1
DA:52,1
DA:54,1
DA:55,1
DA:59,0
DA:60,0
DA:61,0
DA:63,0
DA:64,0
DA:65,0
DA:68,0
DA:69,0
DA:70,0
DA:72,0
DA:73,0
DA:77,0
DA:78,0
DA:79,0
DA:80,0
DA:84,0
DA:85,0
DA:86,0
DA:87,0
DA:88,0
DA:90,0
DA:91,0
DA:94,0
DA:96,0
LF:47
LH:23
BRDA:39,0,0,1
BRDA:39,1,0,2
BRDA:39,1,1,1
BRDA:42,2,0,0
BRDA:49,3,0,1
BRDA:49,4,0,1
BRDA:49,4,1,1
BRDA:50,5,0,1
BRDA:50,5,1,1
BRDA:52,6,0,0
BRDA:59,7,0,0
BRDA:59,8,0,0
BRDA:59,8,1,0
BRDA:63,9,0,0
BRDA:70,10,0,0
BRDA:77,11,0,0
BRDA:77,12,0,0
BRDA:77,12,1,0
BRDA:84,13,0,0
BRDA:84,14,0,0
BRDA:84,14,1,0
BRDA:86,15,0,0
BRDA:86,15,1,0
BRDA:88,16,0,0
BRF:24
BRH:8
end_of_record
TN:
SF:src\handlers\feedback.handler.ts
FN:27,(anonymous_0)
FNF:1
FNH:1
FNDA:1,(anonymous_0)
DA:10,1
DA:18,1
DA:19,1
DA:20,1
DA:25,1
DA:27,1
DA:30,1
DA:31,1
DA:32,1
DA:33,1
DA:34,1
DA:37,1
DA:38,1
DA:39,1
DA:40,1
DA:42,1
DA:43,1
DA:47,0
DA:48,0
DA:49,0
DA:50,0
DA:52,0
DA:53,0
DA:57,0
DA:58,0
DA:59,0
DA:60,0
DA:64,0
DA:66,0
DA:67,0
DA:71,0
DA:72,0
DA:73,0
DA:74,0
DA:78,0
DA:79,0
DA:80,0
DA:81,0
DA:84,0
DA:86,0
LF:40
LH:17
BRDA:37,0,0,1
BRDA:37,1,0,1
BRDA:37,1,1,1
BRDA:40,2,0,0
BRDA:47,3,0,0
BRDA:47,4,0,0
BRDA:47,4,1,0
BRDA:48,5,0,0
BRDA:48,5,1,0
BRDA:50,6,0,0
BRDA:57,7,0,0
BRDA:57,8,0,0
BRDA:57,8,1,0
BRDA:57,8,2,0
BRDA:64,9,0,0
BRDA:71,10,0,0
BRDA:71,11,0,0
BRDA:71,11,1,0
BRDA:71,11,2,0
BRDA:78,12,0,0
BRDA:78,13,0,0
BRDA:78,13,1,0
BRF:22
BRH:3
end_of_record
TN:
SF:src\handlers\gradebook.handler.ts
FN:18,(anonymous_0)
FNF:1
FNH:1
FNDA:1,(anonymous_0)
DA:10,1
DA:15,1
DA:16,1
DA:18,1
DA:21,1
DA:22,1
DA:23,1
DA:24,1
DA:25,1
DA:26,1
DA:29,1
DA:30,1
DA:36,1
DA:40,0
DA:41,0
DA:42,0
DA:43,0
DA:44,0
DA:45,0
DA:47,0
DA:54,0
DA:57,0
DA:59,0
LF:23
LH:13
BRDA:26,0,0,1
BRDA:26,0,1,1
BRDA:29,1,0,1
BRDA:29,2,0,1
BRDA:29,2,1,1
BRDA:33,3,0,0
BRDA:33,3,1,1
BRDA:40,4,0,0
BRDA:40,5,0,0
BRDA:40,5,1,0
BRDA:42,6,0,0
BRDA:43,7,0,0
BRDA:44,8,0,0
BRDA:45,9,0,0
BRF:14
BRH:6
end_of_record
TN:
SF:src\handlers\schedule.handler.ts
FN:44,(anonymous_0)
FNF:1
FNH:1
FNDA:1,(anonymous_0)
DA:20,1
DA:29,1
DA:30,1
DA:31,1
DA:42,1
DA:44,1
DA:47,1
DA:48,1
DA:49,1
DA:50,1
DA:51,1
DA:52,1
DA:55,1
DA:56,1
DA:57,1
DA:58,1
DA:62,0
DA:63,0
DA:64,0
DA:65,0
DA:69,0
DA:74,0
DA:75,0
DA:79,0
DA:85,0
DA:86,0
DA:87,0
DA:88,0
DA:90,0
DA:91,0
DA:95,0
DA:96,0
DA:97,0
DA:99,0
DA:100,0
DA:104,0
DA:109,0
DA:110,0
DA:111,0
DA:112,0
DA:114,0
DA:115,0
DA:119,0
DA:124,0
DA:125,0
DA:126,0
DA:132,0
DA:133,0
DA:134,0
DA:135,0
DA:137,0
DA:138,0
DA:142,0
DA:143,0
DA:144,0
DA:146,0
DA:147,0
DA:151,0
DA:156,0
DA:157,0
DA:158,0
DA:162,0
DA:164,0
DA:165,0
DA:171,0
DA:172,0
DA:173,0
DA:174,0
DA:176,0
DA:177,0
DA:181,0
DA:182,0
DA:183,0
DA:185,0
DA:186,0
DA:190,0
DA:195,0
DA:196,0
DA:197,0
DA:199,0
DA:200,0
DA:203,0
DA:205,0
LF:83
LH:16
BRDA:52,0,0,1
BRDA:52,0,1,1
BRDA:55,1,0,1
BRDA:55,2,0,1
BRDA:55,2,1,1
BRDA:56,3,0,1
BRDA:56,3,1,1
BRDA:62,4,0,0
BRDA:62,5,0,0
BRDA:62,5,1,0
BRDA:63,6,0,0
BRDA:63,6,1,0
BRDA:69,7,0,0
BRDA:70,8,0,0
BRDA:70,8,1,0
BRDA:70,8,2,0
BRDA:85,9,0,0
BRDA:85,10,0,0
BRDA:85,10,1,0
BRDA:88,11,0,0
BRDA:95,12,0,0
BRDA:95,13,0,0
BRDA:95,13,1,0
BRDA:97,14,0,0
BRDA:104,15,0,0
BRDA:105,16,0,0
BRDA:105,16,1,0
BRDA:105,16,2,0
BRDA:112,17,0,0
BRDA:119,18,0,0
BRDA:120,19,0,0
BRDA:120,19,1,0
BRDA:120,19,2,0
BRDA:132,20,0,0
BRDA:132,21,0,0
BRDA:132,21,1,0
BRDA:135,22,0,0
BRDA:142,23,0,0
BRDA:142,24,0,0
BRDA:142,24,1,0
BRDA:144,25,0,0
BRDA:151,26,0,0
BRDA:152,27,0,0
BRDA:152,27,1,0
BRDA:152,27,2,0
BRDA:162,28,0,0
BRDA:171,29,0,0
BRDA:171,30,0,0
BRDA:171,30,1,0
BRDA:174,31,0,0
BRDA:181,32,0,0
BRDA:181,33,0,0
BRDA:181,33,1,0
BRDA:183,34,0,0
BRDA:190,35,0,0
BRDA:191,36,0,0
BRDA:191,36,1,0
BRDA:191,36,2,0
BRDA:197,37,0,0
BRF:59
BRH:7
end_of_record
TN:
SF:src\handlers\submission.handler.ts
FN:27,(anonymous_0)
FNF:1
FNH:1
FNDA:1,(anonymous_0)
DA:10,1
DA:18,1
DA:19,1
DA:20,1
DA:25,1
DA:27,1
DA:30,1
DA:31,1
DA:32,1
DA:33,1
DA:34,1
DA:37,1
DA:38,1
DA:39,1
DA:40,1
DA:42,1
DA:43,1
DA:47,0
DA:48,0
DA:49,0
DA:50,0
DA:52,0
DA:53,0
DA:54,0
DA:57,0
DA:62,0
DA:66,0
DA:67,0
DA:68,0
DA:69,0
DA:70,0
DA:72,0
DA:73,0
DA:77,0
DA:78,0
DA:79,0
DA:80,0
DA:83,0
DA:85,0
LF:39
LH:17
BRDA:37,0,0,1
BRDA:37,1,0,1
BRDA:37,1,1,1
BRDA:40,2,0,0
BRDA:47,3,0,0
BRDA:47,4,0,0
BRDA:47,4,1,0
BRDA:48,5,0,0
BRDA:48,5,1,0
BRDA:50,6,0,0
BRDA:53,7,0,0
BRDA:66,8,0,0
BRDA:66,9,0,0
BRDA:66,9,1,0
BRDA:70,10,0,0
BRDA:77,11,0,0
BRDA:77,12,0,0
BRDA:77,12,1,0
BRF:18
BRH:3
end_of_record
TN:
SF:src\handlers\upload.handler.ts
FN:20,(anonymous_0)
FNF:1
FNH:1
FNDA:1,(anonymous_0)
DA:9,1
DA:15,1
DA:16,1
DA:17,1
DA:18,1
DA:20,1
DA:23,1
DA:24,1
DA:25,1
DA:26,1
DA:27,1
DA:30,1
DA:31,0
DA:32,0
DA:34,0
DA:35,0
DA:36,0
DA:38,0
DA:43,0
DA:47,1
DA:48,0
DA:49,0
DA:50,0
DA:52,0
DA:53,0
DA:54,0
DA:56,0
DA:62,0
DA:66,1
DA:67,1
DA:68,1
DA:69,1
DA:71,1
DA:75,1
DA:79,0
DA:80,0
DA:81,0
DA:83,0
DA:87,0
DA:90,0
DA:92,0
LF:41
LH:19
BRDA:30,0,0,0
BRDA:30,1,0,1
BRDA:30,1,1,1
BRDA:32,2,0,0
BRDA:36,3,0,0
BRDA:47,4,0,0
BRDA:47,5,0,1
BRDA:47,5,1,1
BRDA:49,6,0,0
BRDA:49,6,1,0
BRDA:50,7,0,0
BRDA:54,8,0,0
BRDA:66,9,0,1
BRDA:66,10,0,1
BRDA:66,10,1,1
BRDA:69,11,0,0
BRDA:79,12,0,0
BRDA:79,13,0,0
BRDA:79,13,1,0
BRDA:81,14,0,0
BRF:20
BRH:7
end_of_record
TN:
SF:src\handlers\shared\container.ts
FN:28,requireEnv
FN:45,getContainer
FN:80,resetContainer
FNF:3
FNH:0
FNDA:0,requireEnv
FNDA:0,getContainer
FNDA:0,resetContainer
DA:7,1
DA:8,1
DA:9,1
DA:11,1
DA:12,1
DA:13,1
DA:14,1
DA:19,1
DA:21,1
DA:22,1
DA:23,1
DA:24,1
DA:25,1
DA:26,1
DA:29,0
DA:30,0
DA:31,0
DA:43,1
DA:45,1
DA:46,0
DA:48,0
DA:49,0
DA:50,0
DA:53,0
DA:54,0
DA:55,0
DA:58,0
DA:59,0
DA:60,0
DA:61,0
DA:62,0
DA:63,0
DA:64,0
DA:67,0
DA:76,0
DA:80,1
DA:81,0
LF:37
LH:17
BRDA:30,0,0,0
BRDA:46,1,0,0
BRF:2
BRH:0
end_of_record
TN:
SF:src\handlers\shared\response.ts
FN:12,ok
FN:20,created
FN:24,noContent
FN:28,errorResponse
FN:40,handleError
FN:55,extractAuthContext
FN:72,parseBody
FN:83,getPathParam
FN:92,getQueryParam
FNF:9
FNH:4
FNDA:7,ok
FNDA:3,created
FNDA:0,noContent
FNDA:0,errorResponse
FNDA:0,handleError
FNDA:7,extractAuthContext
FNDA:4,parseBody
FNDA:0,getPathParam
FNDA:0,getQueryParam
DA:10,1
DA:12,1
DA:13,7
DA:20,1
DA:21,3
DA:24,1
DA:25,0
DA:28,1
DA:33,0
DA:40,1
DA:41,0
DA:42,0
DA:44,0
DA:45,0
DA:48,0
DA:49,0
DA:52,0
DA:55,1
DA:58,7
DA:63,7
DA:72,1
DA:73,4
DA:74,0
DA:76,4
DA:77,4
DA:79,0
DA:83,1
DA:87,0
DA:88,0
DA:89,0
DA:92,1
DA:96,0
LF:32
LH:17
BRDA:12,0,0,4
BRDA:31,1,0,0
BRDA:44,2,0,0
BRDA:48,3,0,0
BRDA:64,4,0,7
BRDA:64,4,1,0
BRDA:64,4,2,0
BRDA:65,5,0,7
BRDA:65,5,1,0
BRDA:65,5,2,0
BRDA:66,6,0,7
BRDA:66,6,1,0
BRDA:66,6,2,0
BRDA:67,7,0,7
BRDA:67,7,1,0
BRDA:67,7,2,0
BRDA:68,8,0,7
BRDA:68,8,1,0
BRDA:68,8,2,0
BRDA:73,9,0,0
BRDA:88,10,0,0
BRF:21
BRH:6
end_of_record
TN:
SF:src\models\common.model.ts
FN:5,(anonymous_0)
FN:14,(anonymous_1)
FN:25,(anonymous_2)
FN:32,(anonymous_3)
FN:40,(anonymous_4)
FN:47,(anonymous_5)
FN:53,(anonymous_6)
FN:61,(anonymous_7)
FN:68,(anonymous_8)
FNF:9
FNH:9
FNDA:10,(anonymous_0)
FNDA:10,(anonymous_1)
FNDA:10,(anonymous_2)
FNDA:10,(anonymous_3)
FNDA:10,(anonymous_4)
FNDA:10,(anonymous_5)
FNDA:10,(anonymous_6)
FNDA:10,(anonymous_7)
FNDA:10,(anonymous_8)
DA:5,10
DA:6,10
DA:7,10
DA:8,10
DA:9,10
DA:10,10
DA:11,10
DA:14,10
DA:15,10
DA:16,10
DA:17,10
DA:18,10
DA:19,10
DA:20,10
DA:21,10
DA:22,10
DA:25,10
DA:26,10
DA:27,10
DA:28,10
DA:29,10
DA:32,10
DA:33,10
DA:34,10
DA:35,10
DA:36,10
DA:37,10
DA:40,10
DA:41,10
DA:42,10
DA:43,10
DA:44,10
DA:47,10
DA:48,10
DA:49,10
DA:50,10
DA:53,10
DA:54,10
DA:55,10
DA:56,10
DA:57,10
DA:58,10
DA:61,10
DA:62,10
DA:63,10
DA:64,10
DA:65,10
DA:68,10
DA:69,10
DA:70,10
DA:71,10
DA:72,10
DA:73,10
DA:74,10
LF:54
LH:54
BRDA:5,0,0,10
BRDA:5,0,1,10
BRDA:14,1,0,10
BRDA:14,1,1,10
BRDA:25,2,0,10
BRDA:25,2,1,10
BRDA:32,3,0,10
BRDA:32,3,1,10
BRDA:40,4,0,10
BRDA:40,4,1,10
BRDA:47,5,0,10
BRDA:47,5,1,10
BRDA:53,6,0,10
BRDA:53,6,1,10
BRDA:61,7,0,10
BRDA:61,7,1,10
BRDA:68,8,0,10
BRDA:68,8,1,10
BRF:18
BRH:18
end_of_record
TN:
SF:src\models\deliverable.model.ts
FN:65,(anonymous_0)
FN:66,(anonymous_1)
FN:67,(anonymous_2)
FN:68,(anonymous_3)
FN:70,(anonymous_4)
FN:71,(anonymous_5)
FN:121,toDeliverableDdbRecord
FN:139,fromDeliverableDdbRecord
FNF:8
FNH:8
FNDA:2,(anonymous_0)
FNDA:2,(anonymous_1)
FNDA:1,(anonymous_2)
FNDA:1,(anonymous_3)
FNDA:1,(anonymous_4)
FNDA:1,(anonymous_5)
FNDA:1,toDeliverableDdbRecord
FNDA:1,fromDeliverableDdbRecord
DA:64,2
DA:65,2
DA:66,2
DA:67,1
DA:69,1
DA:70,1
DA:71,1
DA:121,2
DA:124,1
DA:139,2
DA:151,1
DA:152,1
LF:12
LH:12
BRF:0
BRH:0
end_of_record
TN:
SF:src\models\feedback.model.ts
FN:63,(anonymous_0)
FN:64,(anonymous_1)
FN:65,(anonymous_2)
FN:66,(anonymous_3)
FN:68,(anonymous_4)
FN:69,(anonymous_5)
FN:108,toFeedbackDdbRecord
FN:121,fromFeedbackDdbRecord
FNF:8
FNH:8
FNDA:2,(anonymous_0)
FNDA:2,(anonymous_1)
FNDA:1,(anonymous_2)
FNDA:1,(anonymous_3)
FNDA:1,(anonymous_4)
FNDA:1,(anonymous_5)
FNDA:1,toFeedbackDdbRecord
FNDA:1,fromFeedbackDdbRecord
DA:62,2
DA:63,2
DA:64,2
DA:65,1
DA:67,1
DA:68,1
DA:70,1
DA:108,2
DA:109,1
DA:121,2
DA:131,1
DA:132,1
LF:12
LH:12
BRF:0
BRH:0
end_of_record
TN:
SF:src\models\gradebook.model.ts
FN:69,(anonymous_0)
FN:76,(anonymous_1)
FN:77,(anonymous_2)
FN:78,(anonymous_3)
FN:80,(anonymous_4)
FN:111,calculateGrade
FN:124,toGradeBookDdbRecord
FN:143,fromGradeBookDdbRecord
FNF:8
FNH:7
FNDA:3,(anonymous_0)
FNDA:3,(anonymous_1)
FNDA:1,(anonymous_2)
FNDA:1,(anonymous_3)
FNDA:1,(anonymous_4)
FNDA:0,calculateGrade
FNDA:1,toGradeBookDdbRecord
FNDA:2,fromGradeBookDdbRecord
DA:68,2
DA:75,3
DA:76,3
DA:77,1
DA:79,1
DA:87,1
DA:111,2
DA:112,0
DA:113,0
DA:114,0
DA:115,0
DA:116,0
DA:117,0
DA:118,0
DA:119,0
DA:124,2
DA:127,1
DA:143,2
DA:153,2
DA:154,2
LF:20
LH:12
BRDA:112,0,0,0
BRDA:113,1,0,0
BRDA:114,2,0,0
BRDA:115,3,0,0
BRDA:116,4,0,0
BRDA:117,5,0,0
BRDA:118,6,0,0
BRF:7
BRH:0
end_of_record
TN:
SF:src\models\submission.model.ts
FN:54,(anonymous_0)
FN:55,(anonymous_1)
FN:56,(anonymous_2)
FN:57,(anonymous_3)
FN:58,(anonymous_4)
FN:59,(anonymous_5)
FN:95,toSubmissionDdbRecord
FN:110,fromSubmissionDdbRecord
FNF:8
FNH:8
FNDA:2,(anonymous_0)
FNDA:2,(anonymous_1)
FNDA:1,(anonymous_2)
FNDA:1,(anonymous_3)
FNDA:1,(anonymous_4)
FNDA:1,(anonymous_5)
FNDA:1,toSubmissionDdbRecord
FNDA:1,fromSubmissionDdbRecord
DA:53,2
DA:54,2
DA:55,2
DA:56,1
DA:57,1
DA:58,1
DA:59,1
DA:95,2
DA:98,1
DA:110,2
DA:122,1
DA:123,1
LF:12
LH:12
BRF:0
BRH:0
end_of_record
TN:
SF:src\models\teaching-session.model.ts
FN:57,(anonymous_0)
FN:58,(anonymous_1)
FN:59,(anonymous_2)
FN:60,(anonymous_3)
FN:143,(anonymous_4)
FN:144,(anonymous_5)
FN:145,(anonymous_6)
FN:146,(anonymous_7)
FN:147,(anonymous_8)
FN:207,(anonymous_9)
FN:208,(anonymous_10)
FN:209,(anonymous_11)
FN:210,(anonymous_12)
FNF:13
FNH:12
FNDA:2,(anonymous_0)
FNDA:2,(anonymous_1)
FNDA:1,(anonymous_2)
FNDA:1,(anonymous_3)
FNDA:2,(anonymous_4)
FNDA:2,(anonymous_5)
FNDA:0,(anonymous_6)
FNDA:1,(anonymous_7)
FNDA:1,(anonymous_8)
FNDA:2,(anonymous_9)
FNDA:2,(anonymous_10)
FNDA:1,(anonymous_11)
FNDA:1,(anonymous_12)
DA:56,2
DA:57,2
DA:58,2
DA:59,1
DA:61,1
DA:142,2
DA:143,2
DA:144,2
DA:145,0
DA:146,1
DA:148,1
DA:206,2
DA:207,2
DA:208,2
DA:209,1
DA:210,1
LF:16
LH:15
BRF:0
BRH:0
end_of_record
TN:
SF:src\repositories\deliverable.repository.ts
FN:31,(anonymous_0)
FN:33,(anonymous_1)
FN:75,(anonymous_2)
FN:83,(anonymous_3)
FN:109,(anonymous_4)
FN:116,(anonymous_5)
FN:178,(anonymous_6)
FN:216,(anonymous_7)
FNF:8
FNH:3
FNDA:1,(anonymous_0)
FNDA:1,(anonymous_1)
FNDA:1,(anonymous_2)
FNDA:0,(anonymous_3)
FNDA:0,(anonymous_4)
FNDA:0,(anonymous_5)
FNDA:0,(anonymous_6)
FNDA:0,(anonymous_7)
DA:5,2
DA:7,2
DA:16,2
DA:30,2
DA:31,1
DA:40,1
DA:41,1
DA:71,1
DA:72,1
DA:76,1
DA:80,1
DA:88,0
DA:89,0
DA:91,0
DA:92,0
DA:105,0
DA:106,0
DA:110,0
DA:120,0
DA:122,0
DA:123,0
DA:124,0
DA:128,0
DA:129,0
DA:130,0
DA:131,0
DA:134,0
DA:135,0
DA:136,0
DA:137,0
DA:138,0
DA:140,0
DA:141,0
DA:142,0
DA:143,0
DA:145,0
DA:146,0
DA:147,0
DA:148,0
DA:150,0
DA:151,0
DA:152,0
DA:153,0
DA:156,0
DA:169,0
DA:183,0
DA:184,0
DA:185,0
DA:189,0
DA:190,0
DA:191,0
DA:192,0
DA:193,0
DA:196,0
DA:207,0
DA:217,0
LF:56
LH:11
BRDA:62,0,0,1
BRDA:62,0,1,1
BRDA:80,1,0,1
BRDA:80,1,1,0
BRDA:89,2,0,0
BRDA:97,3,0,0
BRDA:97,3,1,0
BRDA:97,4,0,0
BRDA:97,4,1,0
BRDA:100,5,0,0
BRDA:100,5,1,0
BRDA:100,6,0,0
BRDA:100,6,1,0
BRDA:118,7,0,0
BRDA:120,8,0,0
BRDA:128,9,0,0
BRDA:135,10,0,0
BRDA:140,11,0,0
BRDA:145,12,0,0
BRDA:150,13,0,0
BRDA:159,14,0,0
BRDA:159,14,1,0
BRDA:163,15,0,0
BRDA:163,15,1,0
BRDA:171,16,0,0
BRDA:171,16,1,0
BRDA:181,17,0,0
BRDA:183,18,0,0
BRDA:190,19,0,0
BRDA:202,20,0,0
BRDA:202,20,1,0
BRDA:209,21,0,0
BRDA:209,21,1,0
BRF:33
BRH:3
end_of_record
TN:
SF:src\repositories\feedback.repository.ts
FN:31,(anonymous_0)
FN:33,(anonymous_1)
FN:70,(anonymous_2)
FN:78,(anonymous_3)
FN:105,(anonymous_4)
FNF:5
FNH:3
FNDA:1,(anonymous_0)
FNDA:1,(anonymous_1)
FNDA:1,(anonymous_2)
FNDA:0,(anonymous_3)
FNDA:0,(anonymous_4)
DA:5,2
DA:7,2
DA:15,2
DA:30,2
DA:31,1
DA:40,1
DA:41,1
DA:66,1
DA:67,1
DA:71,1
DA:75,1
DA:85,0
DA:86,0
DA:88,0
DA:89,0
DA:101,0
DA:102,0
DA:109,0
DA:110,0
DA:111,0
DA:115,0
DA:116,0
DA:117,0
DA:118,0
DA:119,0
DA:122,0
DA:123,0
DA:124,0
DA:125,0
DA:126,0
DA:128,0
DA:129,0
DA:130,0
DA:131,0
DA:133,0
DA:134,0
DA:135,0
DA:136,0
DA:139,0
DA:152,0
LF:40
LH:11
BRDA:75,0,0,1
BRDA:75,0,1,0
BRDA:86,1,0,0
BRDA:107,2,0,0
BRDA:109,3,0,0
BRDA:116,4,0,0
BRDA:116,5,0,0
BRDA:116,5,1,0
BRDA:123,6,0,0
BRDA:128,7,0,0
BRDA:133,8,0,0
BRDA:142,9,0,0
BRDA:142,9,1,0
BRDA:146,10,0,0
BRDA:146,10,1,0
BRDA:154,11,0,0
BRDA:154,11,1,0
BRF:17
BRH:1
end_of_record
TN:
SF:src\repositories\gradebook.repository.ts
FN:22,(anonymous_0)
FN:24,(anonymous_1)
FN:55,(anonymous_2)
FN:58,(anonymous_3)
FN:76,(anonymous_4)
FN:97,(anonymous_5)
FN:99,(anonymous_6)
FN:101,(anonymous_7)
FN:107,(anonymous_8)
FN:115,(anonymous_9)
FN:116,(anonymous_10)
FN:135,(anonymous_11)
FN:159,(anonymous_12)
FN:169,(anonymous_13)
FNF:14
FNH:3
FNDA:1,(anonymous_0)
FNDA:1,(anonymous_1)
FNDA:0,(anonymous_2)
FNDA:0,(anonymous_3)
FNDA:0,(anonymous_4)
FNDA:0,(anonymous_5)
FNDA:0,(anonymous_6)
FNDA:0,(anonymous_7)
FNDA:0,(anonymous_8)
FNDA:0,(anonymous_9)
FNDA:0,(anonymous_10)
FNDA:0,(anonymous_11)
FNDA:2,(anonymous_12)
FNDA:0,(anonymous_13)
DA:7,2
DA:19,2
DA:21,2
DA:22,1
DA:37,1
DA:46,1
DA:55,1
DA:57,1
DA:58,0
DA:60,0
DA:61,0
DA:70,0
DA:71,0
DA:72,0
DA:75,1
DA:77,0
DA:78,0
DA:79,0
DA:91,1
DA:92,1
DA:93,0
DA:97,1
DA:98,0
DA:99,0
DA:101,0
DA:102,0
DA:107,0
DA:115,1
DA:116,1
DA:118,1
DA:119,1
DA:121,1
DA:135,0
DA:155,1
DA:156,1
DA:161,2
DA:162,2
DA:166,2
DA:173,0
DA:174,0
DA:175,0
DA:179,0
DA:180,0
DA:181,0
DA:182,0
DA:183,0
DA:186,0
DA:198,0
LF:48
LH:22
BRDA:60,0,0,0
BRDA:71,1,0,0
BRDA:71,1,1,0
BRDA:71,1,2,0
BRDA:77,2,0,0
BRDA:77,2,1,0
BRDA:93,3,0,0
BRDA:93,3,1,0
BRDA:99,4,0,0
BRDA:99,4,1,0
BRDA:101,5,0,0
BRDA:101,5,1,0
BRDA:101,5,2,0
BRDA:107,6,0,0
BRDA:107,6,1,0
BRDA:108,7,0,0
BRDA:108,7,1,0
BRDA:109,8,0,0
BRDA:109,8,1,0
BRDA:134,9,0,0
BRDA:134,9,1,1
BRDA:137,10,0,0
BRDA:137,10,1,1
BRDA:138,11,0,0
BRDA:138,11,1,1
BRDA:142,12,0,0
BRDA:142,12,1,1
BRDA:149,13,0,1
BRDA:149,13,1,1
BRDA:151,14,0,1
BRDA:151,14,1,1
BRDA:166,15,0,2
BRDA:166,15,1,0
BRDA:171,16,0,0
BRDA:173,17,0,0
BRDA:180,18,0,0
BRDA:180,19,0,0
BRDA:180,19,1,0
BRDA:192,20,0,0
BRDA:192,20,1,0
BRDA:200,21,0,0
BRDA:200,21,1,0
BRF:42
BRH:9
end_of_record
TN:
SF:src\repositories\submission.repository.ts
FN:27,(anonymous_0)
FN:29,(anonymous_1)
FN:72,(anonymous_2)
FN:80,(anonymous_3)
FN:114,(anonymous_4)
FN:152,(anonymous_5)
FNF:6
FNH:3
FNDA:1,(anonymous_0)
FNDA:1,(anonymous_1)
FNDA:1,(anonymous_2)
FNDA:0,(anonymous_3)
FNDA:0,(anonymous_4)
FNDA:0,(anonymous_5)
DA:5,2
DA:7,2
DA:16,2
DA:26,2
DA:27,1
DA:36,1
DA:37,1
DA:38,1
DA:39,1
DA:40,1
DA:41,1
DA:45,1
DA:68,1
DA:69,1
DA:73,1
DA:77,1
DA:86,0
DA:87,0
DA:89,0
DA:90,0
DA:93,0
DA:94,0
DA:96,0
DA:110,0
DA:111,0
DA:118,0
DA:119,0
DA:120,0
DA:124,0
DA:125,0
DA:126,0
DA:127,0
DA:128,0
DA:131,0
DA:143,0
DA:156,0
DA:158,0
DA:170,0
LF:38
LH:16
BRDA:41,0,0,1
BRDA:41,0,1,0
BRDA:54,1,0,1
BRDA:54,1,1,0
BRDA:77,2,0,1
BRDA:77,2,1,0
BRDA:87,3,0,0
BRDA:90,4,0,0
BRDA:90,4,1,0
BRDA:116,5,0,0
BRDA:118,6,0,0
BRDA:125,7,0,0
BRDA:134,8,0,0
BRDA:134,8,1,0
BRDA:138,9,0,0
BRDA:138,9,1,0
BRDA:145,10,0,0
BRDA:145,10,1,0
BRDA:154,11,0,0
BRDA:156,12,0,0
BRDA:164,13,0,0
BRDA:164,13,1,0
BRDA:172,14,0,0
BRDA:172,14,1,0
BRF:24
BRH:3
end_of_record
TN:
SF:src\repositories\teaching-session.repository.ts
FN:37,(anonymous_0)
FN:39,(anonymous_1)
FN:72,(anonymous_2)
FN:82,(anonymous_3)
FN:105,(anonymous_4)
FN:112,(anonymous_5)
FN:155,(anonymous_6)
FN:167,(anonymous_7)
FN:169,(anonymous_8)
FN:179,(anonymous_9)
FN:182,(anonymous_10)
FN:185,(anonymous_11)
FN:188,(anonymous_12)
FN:259,(anonymous_13)
FN:269,(anonymous_14)
FN:299,(anonymous_15)
FN:346,(anonymous_16)
FN:358,(anonymous_17)
FN:360,(anonymous_18)
FN:410,(anonymous_19)
FN:420,(anonymous_20)
FN:443,(anonymous_21)
FN:491,(anonymous_22)
FNF:23
FNH:9
FNDA:1,(anonymous_0)
FNDA:1,(anonymous_1)
FNDA:1,(anonymous_2)
FNDA:0,(anonymous_3)
FNDA:0,(anonymous_4)
FNDA:0,(anonymous_5)
FNDA:0,(anonymous_6)
FNDA:1,(anonymous_7)
FNDA:1,(anonymous_8)
FNDA:0,(anonymous_9)
FNDA:0,(anonymous_10)
FNDA:0,(anonymous_11)
FNDA:0,(anonymous_12)
FNDA:1,(anonymous_13)
FNDA:0,(anonymous_14)
FNDA:0,(anonymous_15)
FNDA:0,(anonymous_16)
FNDA:1,(anonymous_17)
FNDA:1,(anonymous_18)
FNDA:1,(anonymous_19)
FNDA:0,(anonymous_20)
FNDA:0,(anonymous_21)
FNDA:0,(anonymous_22)
DA:6,2
DA:8,2
DA:27,2
DA:36,2
DA:37,1
DA:46,1
DA:47,1
DA:59,1
DA:68,1
DA:69,1
DA:73,1
DA:77,1
DA:78,1
DA:79,1
DA:87,0
DA:88,0
DA:90,0
DA:91,0
DA:92,0
DA:101,0
DA:102,0
DA:106,0
DA:116,0
DA:117,0
DA:118,0
DA:122,0
DA:123,0
DA:124,0
DA:125,0
DA:126,0
DA:129,0
DA:130,0
DA:131,0
DA:132,0
DA:133,0
DA:135,0
DA:136,0
DA:137,0
DA:138,0
DA:141,0
DA:154,0
DA:155,0
DA:166,2
DA:167,1
DA:176,1
DA:177,1
DA:178,1
DA:179,0
DA:181,1
DA:182,0
DA:184,1
DA:185,0
DA:187,1
DA:188,0
DA:190,1
DA:192,1
DA:219,1
DA:229,1
DA:230,0
DA:248,0
DA:256,1
DA:260,1
DA:264,1
DA:265,1
DA:266,1
DA:273,0
DA:274,0
DA:276,0
DA:277,0
DA:303,0
DA:304,0
DA:308,0
DA:313,0
DA:314,0
DA:315,0
DA:316,0
DA:317,0
DA:320,0
DA:321,0
DA:322,0
DA:323,0
DA:324,0
DA:326,0
DA:327,0
DA:328,0
DA:329,0
DA:332,0
DA:345,0
DA:346,0
DA:357,2
DA:358,1
DA:367,1
DA:368,1
DA:369,1
DA:370,1
DA:372,1
DA:397,1
DA:406,1
DA:407,1
DA:411,1
DA:415,1
DA:416,1
DA:417,1
DA:425,0
DA:426,0
DA:428,0
DA:429,0
DA:430,0
DA:439,0
DA:440,0
DA:447,0
DA:448,0
DA:449,0
DA:453,0
DA:454,0
DA:455,0
DA:456,0
DA:457,0
DA:458,0
DA:459,0
DA:460,0
DA:461,0
DA:462,0
DA:465,0
DA:466,0
DA:467,0
DA:468,0
DA:469,0
DA:471,0
DA:472,0
DA:473,0
DA:474,0
DA:477,0
DA:490,0
DA:491,0
LF:135
LH:45
BRDA:77,0,0,0
BRDA:88,1,0,0
BRDA:114,2,0,0
BRDA:116,3,0,0
BRDA:123,4,0,0
BRDA:130,5,0,0
BRDA:135,6,0,0
BRDA:144,7,0,0
BRDA:144,7,1,0
BRDA:148,8,0,0
BRDA:148,8,1,0
BRDA:156,9,0,0
BRDA:156,9,1,0
BRDA:211,10,0,0
BRDA:211,10,1,1
BRDA:264,11,0,0
BRDA:291,12,0,0
BRDA:291,12,1,0
BRDA:301,13,0,0
BRDA:303,14,0,0
BRDA:314,15,0,0
BRDA:321,16,0,0
BRDA:326,17,0,0
BRDA:339,18,0,0
BRDA:339,18,1,0
BRDA:347,19,0,0
BRDA:347,19,1,0
BRDA:415,20,0,0
BRDA:426,21,0,0
BRDA:445,22,0,0
BRDA:447,23,0,0
BRDA:454,24,0,0
BRDA:454,24,1,0
BRDA:454,25,0,0
BRDA:454,25,1,0
BRDA:459,26,0,0
BRDA:466,27,0,0
BRDA:471,28,0,0
BRDA:480,29,0,0
BRDA:480,29,1,0
BRDA:484,30,0,0
BRDA:484,30,1,0
BRDA:492,31,0,0
BRDA:492,31,1,0
BRF:44
BRH:1
end_of_record
TN:
SF:src\services\deliverable.service.ts
FN:19,(anonymous_0)
FN:24,(anonymous_1)
FN:41,(anonymous_2)
FN:84,(anonymous_3)
FN:94,(anonymous_4)
FN:115,(anonymous_5)
FN:132,(anonymous_6)
FN:139,(anonymous_7)
FNF:8
FNH:7
FNDA:10,(anonymous_0)
FNDA:2,(anonymous_1)
FNDA:2,(anonymous_2)
FNDA:0,(anonymous_3)
FNDA:2,(anonymous_4)
FNDA:2,(anonymous_5)
FNDA:1,(anonymous_6)
FNDA:1,(anonymous_7)
DA:9,2
DA:10,2
DA:18,2
DA:20,10
DA:21,10
DA:28,2
DA:30,1
DA:38,1
DA:45,2
DA:46,2
DA:47,2
DA:49,2
DA:51,2
DA:52,1
DA:57,1
DA:62,1
DA:64,1
DA:81,1
DA:88,0
DA:89,0
DA:90,0
DA:91,0
DA:99,2
DA:100,1
DA:101,1
DA:103,1
DA:105,1
DA:106,0
DA:109,1
DA:110,1
DA:112,1
DA:119,2
DA:120,2
DA:121,2
DA:123,2
DA:125,2
DA:126,1
DA:129,1
DA:136,1
DA:144,1
DA:145,1
LF:41
LH:36
BRDA:47,0,0,0
BRDA:51,1,0,1
BRDA:62,2,0,0
BRDA:89,3,0,0
BRDA:101,4,0,0
BRDA:105,5,0,0
BRDA:110,6,0,0
BRDA:121,7,0,0
BRDA:125,8,0,1
BRDA:134,9,0,0
BRDA:142,10,0,0
BRF:11
BRH:2
end_of_record
TN:
SF:src\services\errors.ts
FN:8,(anonymous_0)
FN:19,(anonymous_1)
FN:25,(anonymous_2)
FN:31,(anonymous_3)
FN:37,(anonymous_4)
FN:62,assertCanRead
FN:68,assertCanWrite
FN:76,assertCanManage
FN:84,assertIsFacultyOrAdmin
FNF:9
FNH:5
FNDA:5,(anonymous_0)
FNDA:0,(anonymous_1)
FNDA:1,(anonymous_2)
FNDA:4,(anonymous_3)
FNDA:0,(anonymous_4)
FNDA:0,assertCanRead
FNDA:16,assertCanWrite
FNDA:0,assertCanManage
FNDA:14,assertIsFacultyOrAdmin
DA:5,8
DA:7,8
DA:9,5
DA:11,5
DA:13,5
DA:14,5
DA:18,8
DA:20,0
DA:24,8
DA:26,1
DA:30,8
DA:32,4
DA:36,8
DA:38,0
DA:44,8
DA:53,8
DA:55,8
DA:62,8
DA:63,0
DA:64,0
DA:68,8
DA:69,16
DA:70,2
DA:76,8
DA:77,0
DA:78,0
DA:84,8
DA:88,14
DA:89,14
DA:90,1
DA:91,1
LF:31
LH:25
BRDA:11,0,0,0
BRDA:31,1,0,0
BRDA:63,2,0,0
BRDA:69,3,0,2
BRDA:77,4,0,0
BRDA:88,5,0,0
BRDA:89,6,0,13
BRDA:90,7,0,0
BRF:8
BRH:2
end_of_record
TN:
SF:src\services\feedback.service.ts
FN:23,(anonymous_0)
FN:28,(anonymous_1)
FN:43,(anonymous_2)
FN:50,(anonymous_3)
FN:72,(anonymous_4)
FN:76,(anonymous_5)
FN:83,(anonymous_6)
FN:102,(anonymous_7)
FN:117,(anonymous_8)
FN:160,(anonymous_9)
FNF:10
FNH:6
FNDA:5,(anonymous_0)
FNDA:1,(anonymous_1)
FNDA:1,(anonymous_2)
FNDA:1,(anonymous_3)
FNDA:0,(anonymous_4)
FNDA:0,(anonymous_5)
FNDA:0,(anonymous_6)
FNDA:0,(anonymous_7)
FNDA:1,(anonymous_8)
FNDA:1,(anonymous_9)
DA:9,2
DA:14,2
DA:22,2
DA:24,5
DA:25,5
DA:32,1
DA:34,1
DA:44,1
DA:45,1
DA:46,1
DA:47,1
DA:54,1
DA:55,1
DA:57,1
DA:58,0
DA:63,1
DA:64,1
DA:65,0
DA:71,1
DA:72,0
DA:75,1
DA:76,0
DA:79,1
DA:80,0
DA:81,0
DA:83,0
DA:84,0
DA:86,0
DA:87,0
DA:88,0
DA:90,0
DA:99,1
DA:101,1
DA:102,0
DA:106,1
DA:114,1
DA:121,1
DA:122,1
DA:123,1
DA:125,1
DA:127,1
DA:128,0
DA:131,1
DA:138,1
DA:140,1
DA:157,1
DA:164,1
LF:47
LH:33
BRDA:45,0,0,0
BRDA:55,1,0,0
BRDA:57,2,0,0
BRDA:64,3,0,0
BRDA:64,4,0,1
BRDA:64,4,1,1
BRDA:75,5,0,1
BRDA:75,5,1,1
BRDA:81,6,0,0
BRDA:84,7,0,0
BRDA:84,7,1,0
BRDA:101,8,0,0
BRDA:101,8,1,1
BRDA:123,9,0,0
BRDA:127,10,0,0
BRDA:138,11,0,0
BRDA:162,12,0,0
BRF:17
BRH:5
end_of_record
TN:
SF:src\services\gradebook.service.ts
FN:22,(anonymous_0)
FN:29,(anonymous_1)
FN:88,(anonymous_2)
FN:95,(anonymous_3)
FNF:4
FNH:4
FNDA:3,(anonymous_0)
FNDA:1,(anonymous_1)
FNDA:1,(anonymous_2)
FNDA:1,(anonymous_3)
DA:10,2
DA:16,2
DA:21,2
DA:23,3
DA:24,3
DA:25,3
DA:26,3
DA:37,1
DA:42,1
DA:45,1
DA:46,1
DA:47,0
DA:50,0
DA:54,1
DA:68,1
DA:85,1
DA:92,1
DA:103,1
DA:104,1
DA:105,1
DA:106,1
DA:107,1
LF:22
LH:20
BRDA:57,0,0,1
BRDA:57,0,1,1
BRDA:90,1,0,1
BRDA:106,2,0,0
BRF:4
BRH:3
end_of_record
TN:
SF:src\services\schedule.service.ts
FN:39,(anonymous_0)
FN:48,(anonymous_1)
FN:62,(anonymous_2)
FN:77,(anonymous_3)
FN:85,(anonymous_4)
FN:92,(anonymous_5)
FN:101,(anonymous_6)
FN:115,(anonymous_7)
FN:126,(anonymous_8)
FN:135,(anonymous_9)
FN:168,(anonymous_10)
FN:207,(anonymous_11)
FN:221,(anonymous_12)
FN:256,(anonymous_13)
FN:276,(anonymous_14)
FN:277,(anonymous_15)
FN:278,(anonymous_16)
FN:282,(anonymous_17)
FN:292,(anonymous_18)
FN:305,(anonymous_19)
FNF:20
FNH:6
FNDA:5,(anonymous_0)
FNDA:1,(anonymous_1)
FNDA:0,(anonymous_2)
FNDA:0,(anonymous_3)
FNDA:1,(anonymous_4)
FNDA:0,(anonymous_5)
FNDA:1,(anonymous_6)
FNDA:0,(anonymous_7)
FNDA:0,(anonymous_8)
FNDA:1,(anonymous_9)
FNDA:1,(anonymous_10)
FNDA:0,(anonymous_11)
FNDA:0,(anonymous_12)
FNDA:0,(anonymous_13)
FNDA:0,(anonymous_14)
FNDA:0,(anonymous_15)
FNDA:0,(anonymous_16)
FNDA:0,(anonymous_17)
FNDA:0,(anonymous_18)
FNDA:0,(anonymous_19)
DA:25,2
DA:31,2
DA:38,2
DA:40,5
DA:41,5
DA:42,5
DA:43,5
DA:52,1
DA:53,1
DA:67,0
DA:68,0
DA:69,0
DA:70,0
DA:72,0
DA:73,0
DA:74,0
DA:78,0
DA:79,0
DA:80,0
DA:81,0
DA:82,0
DA:89,1
DA:93,0
DA:94,0
DA:95,0
DA:96,0
DA:105,1
DA:106,1
DA:119,0
DA:120,0
DA:121,0
DA:122,0
DA:123,0
DA:130,0
DA:139,1
DA:140,1
DA:148,1
DA:165,1
DA:173,1
DA:174,1
DA:175,1
DA:176,1
DA:178,1
DA:179,0
DA:182,1
DA:187,1
DA:189,1
DA:204,1
DA:216,0
DA:225,0
DA:229,0
DA:233,0
DA:242,0
DA:243,0
DA:244,0
DA:253,0
DA:256,0
DA:267,0
DA:276,0
DA:277,0
DA:278,0
DA:286,0
DA:288,0
DA:292,0
DA:304,0
DA:305,0
DA:306,0
DA:307,0
DA:308,0
DA:309,0
DA:312,0
DA:313,0
LF:72
LH:25
BRDA:69,0,0,0
BRDA:73,1,0,0
BRDA:80,2,0,0
BRDA:87,3,0,0
BRDA:94,4,0,0
BRDA:121,5,0,0
BRDA:128,6,0,0
BRDA:175,7,0,0
BRDA:178,8,0,0
BRDA:187,9,0,0
BRDA:209,10,0,0
BRDA:243,11,0,0
BRDA:307,12,0,0
BRDA:315,13,0,0
BRDA:315,13,1,0
BRDA:316,14,0,0
BRDA:316,14,1,0
BRF:17
BRH:0
end_of_record
TN:
SF:src\services\submission.service.ts
FN:23,(anonymous_0)
FN:29,(anonymous_1)
FN:82,(anonymous_2)
FN:114,(anonymous_3)
FN:124,(anonymous_4)
FN:135,(anonymous_5)
FNF:6
FNH:5
FNDA:5,(anonymous_0)
FNDA:1,(anonymous_1)
FNDA:2,(anonymous_2)
FNDA:1,(anonymous_3)
FNDA:1,(anonymous_4)
FNDA:0,(anonymous_5)
DA:10,2
DA:15,2
DA:22,2
DA:24,5
DA:25,5
DA:26,5
DA:33,1
DA:34,1
DA:36,1
DA:37,0
DA:42,1
DA:43,1
DA:44,1
DA:45,1
DA:46,0
DA:52,1
DA:60,1
DA:62,1
DA:79,1
DA:87,2
DA:88,2
DA:90,2
DA:92,1
DA:95,1
DA:97,1
DA:98,0
DA:103,1
DA:109,1
DA:111,1
DA:118,1
DA:119,1
DA:120,1
DA:121,1
DA:129,1
DA:130,1
DA:131,1
DA:132,1
DA:140,0
LF:38
LH:34
BRDA:34,0,0,0
BRDA:36,1,0,0
BRDA:42,2,0,1
BRDA:45,3,0,0
BRDA:88,4,0,0
BRDA:95,5,0,0
BRDA:97,6,0,0
BRDA:109,7,0,0
BRDA:119,8,0,0
BRDA:127,9,0,1
BRDA:130,10,0,0
BRDA:138,11,0,0
BRF:12
BRH:2
end_of_record
TN:
SF:src\services\upload.service.ts
FN:22,(anonymous_0)
FN:24,(anonymous_1)
FN:50,(anonymous_2)
FN:76,(anonymous_3)
FN:100,(anonymous_4)
FNF:5
FNH:5
FNDA:4,(anonymous_0)
FNDA:1,(anonymous_1)
FNDA:1,(anonymous_2)
FNDA:1,(anonymous_3)
FNDA:1,(anonymous_4)
DA:7,2
DA:21,2
DA:22,4
DA:29,1
DA:31,1
DA:37,1
DA:43,1
DA:56,1
DA:63,1
DA:69,1
DA:80,1
DA:82,1
DA:87,1
DA:93,1
DA:104,1
LF:15
LH:15
BRF:0
BRH:0
end_of_record
TN:
SF:src\validators\common.validator.ts
FN:89,parseAndValidate
FN:98,(anonymous_1)
FNF:2
FNH:1
FNDA:12,parseAndValidate
FNDA:0,(anonymous_1)
DA:5,2
DA:6,2
DA:10,2
DA:12,2
DA:19,2
DA:23,2
DA:27,2
DA:29,2
DA:31,2
DA:33,2
DA:40,2
DA:47,2
DA:58,2
DA:68,2
DA:80,2
DA:89,2
DA:93,12
DA:94,12
DA:95,12
DA:97,0
DA:98,0
DA:100,0
LF:22
LH:19
BRDA:94,0,0,12
BRF:1
BRH:1
end_of_record
TN:
SF:src\validators\deliverable.validator.ts
FN:42,(anonymous_0)
FNF:1
FNH:1
FNDA:1,(anonymous_0)
DA:5,2
DA:6,2
DA:7,2
DA:20,2
DA:30,2
DA:42,1
DA:48,2
DA:63,2
LF:8
LH:8
BRF:0
BRH:0
end_of_record
TN:
SF:src\validators\feedback.validator.ts
FN:47,(anonymous_0)
FNF:1
FNH:1
FNDA:1,(anonymous_0)
DA:5,2
DA:6,2
DA:7,2
DA:19,2
DA:28,2
DA:36,2
DA:47,1
DA:56,2
DA:65,2
LF:9
LH:9
BRF:0
BRH:0
end_of_record
TN:
SF:src\validators\session.validator.ts
FN:90,(anonymous_0)
FN:125,(anonymous_1)
FNF:2
FNH:2
FNDA:1,(anonymous_0)
FNDA:1,(anonymous_1)
DA:5,2
DA:6,2
DA:11,2
DA:23,2
DA:35,2
DA:50,2
DA:63,2
DA:73,2
DA:81,2
DA:90,1
DA:94,2
DA:107,2
DA:116,2
DA:125,1
DA:129,2
DA:141,2
LF:16
LH:16
BRF:0
BRH:0
end_of_record
TN:
SF:src\validators\submission.validator.ts
FNF:0
FNH:0
DA:5,2
DA:6,2
DA:7,2
DA:16,2
DA:29,2
DA:37,2
DA:45,2
DA:54,2
LF:8
LH:8
BRF:0
BRH:0
end_of_record
